DFT-D3: loading default parameters for functional PBE.
forrtl: severe (39): error during read, unit 13, file /n/holylabs/LABS/kaxiras_lab/axzhu/projects/AM207-final-project/N_4/z-only/Graphene.DM
Image              PC                Routine            Line        Source             
siesta             00000000017BF069  Unknown               Unknown  Unknown
siesta             0000000000BE08E5  Unknown               Unknown  Unknown
siesta             0000000000716349  Unknown               Unknown  Unknown
siesta             00000000007634E5  Unknown               Unknown  Unknown
siesta             0000000000756291  Unknown               Unknown  Unknown
siesta             0000000000469CB7  Unknown               Unknown  Unknown
siesta             000000000042D410  Unknown               Unknown  Unknown
siesta             00000000004193FA  Unknown               Unknown  Unknown
siesta             000000000041935D  Unknown               Unknown  Unknown
libc-2.28.so       000014AA165E87E5  __libc_start_main     Unknown  Unknown
siesta             000000000041927E  Unknown               Unknown  Unknown
--------------------------------------------------------------------------
Primary job  terminated normally, but 1 process returned
a non-zero exit code. Per user-direction, the job has been aborted.
--------------------------------------------------------------------------
forrtl: error (78): process killed (SIGTERM)
Image              PC                Routine            Line        Source             
libpthread-2.28.s  0000148029527D10  Unknown               Unknown  Unknown
libuct_ib.so.0.0.  000014801BDC7B6B  Unknown               Unknown  Unknown
libucp.so.0.0.0    00001480240D3C0A  ucp_worker_progre     Unknown  Unknown
libopen-pal.so.40  00001480243A51A4  opal_progress         Unknown  Unknown
libmpi.so.40.30.4  00001480330D7276  ompi_request_defa     Unknown  Unknown
libmpi.so.40.30.4  000014803311C8DE  PMPI_Waitall          Unknown  Unknown
libmpi_mpifh.so.4  000014803361F80E  pmpi_waitall          Unknown  Unknown
siesta             0000000000BE09C4  Unknown               Unknown  Unknown
siesta             0000000000716349  Unknown               Unknown  Unknown
siesta             00000000007634E5  Unknown               Unknown  Unknown
siesta             0000000000756291  Unknown               Unknown  Unknown
siesta             0000000000469CB7  Unknown               Unknown  Unknown
siesta             000000000042D410  Unknown               Unknown  Unknown
siesta             00000000004193FA  Unknown               Unknown  Unknown
siesta             000000000041935D  Unknown               Unknown  Unknown
libc-2.28.so       00001480282267E5  __libc_start_main     Unknown  Unknown
siesta             000000000041927E  Unknown               Unknown  Unknown
forrtl: error (78): process killed (SIGTERM)
Image              PC                Routine            Line        Source             
libpthread-2.28.s  0000148C3F9F7D10  Unknown               Unknown  Unknown
libmpi.so.40.30.4  0000148C4963238C  ompi_coll_libnbc_     Unknown  Unknown
libopen-pal.so.40  0000148C3A8751A4  opal_progress         Unknown  Unknown
libmpi.so.40.30.4  0000148C495A7276  ompi_request_defa     Unknown  Unknown
libmpi.so.40.30.4  0000148C495EC8DE  PMPI_Waitall          Unknown  Unknown
libmpi_mpifh.so.4  0000148C49AEF80E  pmpi_waitall          Unknown  Unknown
siesta             0000000000BE09C4  Unknown               Unknown  Unknown
siesta             0000000000716349  Unknown               Unknown  Unknown
siesta             00000000007634E5  Unknown               Unknown  Unknown
siesta             0000000000756291  Unknown               Unknown  Unknown
siesta             0000000000469CB7  Unknown               Unknown  Unknown
siesta             000000000042D410  Unknown               Unknown  Unknown
siesta             00000000004193FA  Unknown               Unknown  Unknown
siesta             000000000041935D  Unknown               Unknown  Unknown
libc-2.28.so       0000148C3E6F67E5  __libc_start_main     Unknown  Unknown
siesta             000000000041927E  Unknown               Unknown  Unknown
forrtl: error (78): process killed (SIGTERM)
Image              PC                Routine            Line        Source             
libpthread-2.28.s  000014E214A84D10  Unknown               Unknown  Unknown
libuct_ib.so.0.0.  000014E20B59DF35  Unknown               Unknown  Unknown
libucp.so.0.0.0    000014E20F630C0A  ucp_worker_progre     Unknown  Unknown
libopen-pal.so.40  000014E20F9021A4  opal_progress         Unknown  Unknown
libmpi.so.40.30.4  000014E21E634276  ompi_request_defa     Unknown  Unknown
libmpi.so.40.30.4  000014E21E6798DE  PMPI_Waitall          Unknown  Unknown
libmpi_mpifh.so.4  000014E21EB7C80E  pmpi_waitall          Unknown  Unknown
siesta             0000000000BE09C4  Unknown               Unknown  Unknown
siesta             0000000000716349  Unknown               Unknown  Unknown
siesta             00000000007634E5  Unknown               Unknown  Unknown
siesta             0000000000756291  Unknown               Unknown  Unknown
siesta             0000000000469CB7  Unknown               Unknown  Unknown
siesta             000000000042D410  Unknown               Unknown  Unknown
siesta             00000000004193FA  Unknown               Unknown  Unknown
siesta             000000000041935D  Unknown               Unknown  Unknown
libc-2.28.so       000014E2137837E5  __libc_start_main     Unknown  Unknown
siesta             000000000041927E  Unknown               Unknown  Unknown
forrtl: error (78): process killed (SIGTERM)
Image              PC                Routine            Line        Source             
libpthread-2.28.s  000014B0C6425D10  Unknown               Unknown  Unknown
libuct_ib.so.0.0.  000014B0BCB3DB84  Unknown               Unknown  Unknown
libucp.so.0.0.0    000014B0C0FD1C0A  ucp_worker_progre     Unknown  Unknown
libopen-pal.so.40  000014B0C12A31A4  opal_progress         Unknown  Unknown
libmpi.so.40.30.4  000014B0CFFD5276  ompi_request_defa     Unknown  Unknown
libmpi.so.40.30.4  000014B0D001A8DE  PMPI_Waitall          Unknown  Unknown
libmpi_mpifh.so.4  000014B0D051D80E  pmpi_waitall          Unknown  Unknown
siesta             0000000000BE09C4  Unknown               Unknown  Unknown
siesta             0000000000716349  Unknown               Unknown  Unknown
siesta             00000000007634E5  Unknown               Unknown  Unknown
siesta             0000000000756291  Unknown               Unknown  Unknown
siesta             0000000000469CB7  Unknown               Unknown  Unknown
siesta             000000000042D410  Unknown               Unknown  Unknown
siesta             00000000004193FA  Unknown               Unknown  Unknown
siesta             000000000041935D  Unknown               Unknown  Unknown
libc-2.28.so       000014B0C51247E5  __libc_start_main     Unknown  Unknown
siesta             000000000041927E  Unknown               Unknown  Unknown
forrtl: error (78): process killed (SIGTERM)
Image              PC                Routine            Line        Source             
libpthread-2.28.s  000014940E7E8D10  Unknown               Unknown  Unknown
libuct_ib.so.0.0.  0000149404F00B40  Unknown               Unknown  Unknown
libucp.so.0.0.0    0000149409394C0A  ucp_worker_progre     Unknown  Unknown
libopen-pal.so.40  00001494096661A4  opal_progress         Unknown  Unknown
libmpi.so.40.30.4  0000149418398276  ompi_request_defa     Unknown  Unknown
libmpi.so.40.30.4  00001494183DD8DE  PMPI_Waitall          Unknown  Unknown
libmpi_mpifh.so.4  00001494188E080E  pmpi_waitall          Unknown  Unknown
siesta             0000000000BE09C4  Unknown               Unknown  Unknown
siesta             0000000000716349  Unknown               Unknown  Unknown
siesta             00000000007634E5  Unknown               Unknown  Unknown
siesta             0000000000756291  Unknown               Unknown  Unknown
siesta             0000000000469CB7  Unknown               Unknown  Unknown
siesta             000000000042D410  Unknown               Unknown  Unknown
siesta             00000000004193FA  Unknown               Unknown  Unknown
siesta             000000000041935D  Unknown               Unknown  Unknown
libc-2.28.so       000014940D4E77E5  __libc_start_main     Unknown  Unknown
siesta             000000000041927E  Unknown               Unknown  Unknown
forrtl: error (78): process killed (SIGTERM)
Image              PC                Routine            Line        Source             
libpthread-2.28.s  0000150AEB816D10  Unknown               Unknown  Unknown
libopen-pal.so.40  0000150AE672F475  Unknown               Unknown  Unknown
libopen-pal.so.40  0000150AE6694240  opal_progress         Unknown  Unknown
libmpi.so.40.30.4  0000150AF53C6276  ompi_request_defa     Unknown  Unknown
libmpi.so.40.30.4  0000150AF540B8DE  PMPI_Waitall          Unknown  Unknown
libmpi_mpifh.so.4  0000150AF590E80E  pmpi_waitall          Unknown  Unknown
siesta             0000000000BE09C4  Unknown               Unknown  Unknown
siesta             0000000000716349  Unknown               Unknown  Unknown
siesta             00000000007634E5  Unknown               Unknown  Unknown
siesta             0000000000756291  Unknown               Unknown  Unknown
siesta             0000000000469CB7  Unknown               Unknown  Unknown
siesta             000000000042D410  Unknown               Unknown  Unknown
siesta             00000000004193FA  Unknown               Unknown  Unknown
siesta             000000000041935D  Unknown               Unknown  Unknown
libc-2.28.so       0000150AEA5157E5  __libc_start_main     Unknown  Unknown
siesta             000000000041927E  Unknown               Unknown  Unknown
forrtl: error (78): process killed (SIGTERM)
Image              PC                Routine            Line        Source             
libpthread-2.28.s  000014681D4CFD10  Unknown               Unknown  Unknown
libucp.so.0.0.0    000014681807BC67  ucp_worker_progre     Unknown  Unknown
libopen-pal.so.40  000014681834D1A4  opal_progress         Unknown  Unknown
libmpi.so.40.30.4  000014682707F9AF  ompi_request_defa     Unknown  Unknown
libmpi.so.40.30.4  00001468270E687F  ompi_coll_base_se     Unknown  Unknown
libmpi.so.40.30.4  00001468270E9D28  ompi_coll_base_al     Unknown  Unknown
libmpi.so.40.30.4  00001468270FC852  ompi_coll_tuned_a     Unknown  Unknown
libmpi.so.40.30.4  000014682709411E  PMPI_Allreduce        Unknown  Unknown
libmpi_mpifh.so.4  00001468275BDB39  mpi_allreduce_        Unknown  Unknown
siesta             000000000159AFE9  Unknown               Unknown  Unknown
siesta             0000000000749B8C  Unknown               Unknown  Unknown
siesta             00000000009468BE  Unknown               Unknown  Unknown
siesta             0000000000469E6E  Unknown               Unknown  Unknown
siesta             000000000042D410  Unknown               Unknown  Unknown
siesta             00000000004193FA  Unknown               Unknown  Unknown
siesta             000000000041935D  Unknown               Unknown  Unknown
libc-2.28.so       000014681C1CE7E5  __libc_start_main     Unknown  Unknown
siesta             000000000041927E  Unknown               Unknown  Unknown
forrtl: error (78): process killed (SIGTERM)
Image              PC                Routine            Line        Source             
libpthread-2.28.s  000015035B54DD10  Unknown               Unknown  Unknown
libucp.so.0.0.0    00001503560F9BB4  ucp_worker_progre     Unknown  Unknown
libopen-pal.so.40  00001503563CB1A4  opal_progress         Unknown  Unknown
libmpi.so.40.30.4  00001503650FD9AF  ompi_request_defa     Unknown  Unknown
libmpi.so.40.30.4  000015036516487F  ompi_coll_base_se     Unknown  Unknown
libmpi.so.40.30.4  0000150365167D28  ompi_coll_base_al     Unknown  Unknown
libmpi.so.40.30.4  000015036517A852  ompi_coll_tuned_a     Unknown  Unknown
libmpi.so.40.30.4  000015036511211E  PMPI_Allreduce        Unknown  Unknown
libmpi_mpifh.so.4  000015036563BB39  mpi_allreduce_        Unknown  Unknown
siesta             000000000159AFE9  Unknown               Unknown  Unknown
siesta             0000000000749B8C  Unknown               Unknown  Unknown
siesta             00000000009468BE  Unknown               Unknown  Unknown
siesta             0000000000469E6E  Unknown               Unknown  Unknown
siesta             000000000042D410  Unknown               Unknown  Unknown
siesta             00000000004193FA  Unknown               Unknown  Unknown
siesta             000000000041935D  Unknown               Unknown  Unknown
libc-2.28.so       000015035A24C7E5  __libc_start_main     Unknown  Unknown
siesta             000000000041927E  Unknown               Unknown  Unknown
forrtl: error (78): process killed (SIGTERM)
Image              PC                Routine            Line        Source             
libpthread-2.28.s  000014B5C2519D10  Unknown               Unknown  Unknown
libuct_ib.so.0.0.  000014B5B8C31B44  Unknown               Unknown  Unknown
libucp.so.0.0.0    000014B5BD0C5C0A  ucp_worker_progre     Unknown  Unknown
libopen-pal.so.40  000014B5BD3971A4  opal_progress         Unknown  Unknown
libmpi.so.40.30.4  000014B5CC0C99AF  ompi_request_defa     Unknown  Unknown
libmpi.so.40.30.4  000014B5CC13087F  ompi_coll_base_se     Unknown  Unknown
libmpi.so.40.30.4  000014B5CC133D28  ompi_coll_base_al     Unknown  Unknown
libmpi.so.40.30.4  000014B5CC146852  ompi_coll_tuned_a     Unknown  Unknown
libmpi.so.40.30.4  000014B5CC0DE11E  PMPI_Allreduce        Unknown  Unknown
libmpi_mpifh.so.4  000014B5CC607B39  mpi_allreduce_        Unknown  Unknown
siesta             000000000159AFE9  Unknown               Unknown  Unknown
siesta             0000000000749B8C  Unknown               Unknown  Unknown
siesta             00000000009468BE  Unknown               Unknown  Unknown
siesta             0000000000469E6E  Unknown               Unknown  Unknown
siesta             000000000042D410  Unknown               Unknown  Unknown
siesta             00000000004193FA  Unknown               Unknown  Unknown
siesta             000000000041935D  Unknown               Unknown  Unknown
libc-2.28.so       000014B5C12187E5  __libc_start_main     Unknown  Unknown
siesta             000000000041927E  Unknown               Unknown  Unknown
forrtl: error (78): process killed (SIGTERM)
Image              PC                Routine            Line        Source             
libpthread-2.28.s  000014FE2340CD10  Unknown               Unknown  Unknown
libuct_ib.so.0.0.  000014FE19B24CE4  Unknown               Unknown  Unknown
libucp.so.0.0.0    000014FE1DFB8C0A  ucp_worker_progre     Unknown  Unknown
libopen-pal.so.40  000014FE1E28A1A4  opal_progress         Unknown  Unknown
libmpi.so.40.30.4  000014FE2CFBC9AF  ompi_request_defa     Unknown  Unknown
libmpi.so.40.30.4  000014FE2D02387F  ompi_coll_base_se     Unknown  Unknown
libmpi.so.40.30.4  000014FE2D026D28  ompi_coll_base_al     Unknown  Unknown
libmpi.so.40.30.4  000014FE2D039852  ompi_coll_tuned_a     Unknown  Unknown
libmpi.so.40.30.4  000014FE2CFD111E  PMPI_Allreduce        Unknown  Unknown
libmpi_mpifh.so.4  000014FE2D4FAB39  mpi_allreduce_        Unknown  Unknown
siesta             000000000159AFE9  Unknown               Unknown  Unknown
siesta             0000000000749B8C  Unknown               Unknown  Unknown
siesta             00000000009468BE  Unknown               Unknown  Unknown
siesta             0000000000469E6E  Unknown               Unknown  Unknown
siesta             000000000042D410  Unknown               Unknown  Unknown
siesta             00000000004193FA  Unknown               Unknown  Unknown
siesta             000000000041935D  Unknown               Unknown  Unknown
libc-2.28.so       000014FE2210B7E5  __libc_start_main     Unknown  Unknown
siesta             000000000041927E  Unknown               Unknown  Unknown
forrtl: error (78): process killed (SIGTERM)
Image              PC                Routine            Line        Source             
libpthread-2.28.s  0000153AB6285D10  Unknown               Unknown  Unknown
libopen-pal.so.40  0000153AB1103180  opal_progress         Unknown  Unknown
libmpi.so.40.30.4  0000153ABFE35276  ompi_request_defa     Unknown  Unknown
libmpi.so.40.30.4  0000153ABFE7A8DE  PMPI_Waitall          Unknown  Unknown
libmpi_mpifh.so.4  0000153AC037D80E  pmpi_waitall          Unknown  Unknown
siesta             0000000000BE09C4  Unknown               Unknown  Unknown
siesta             0000000000716349  Unknown               Unknown  Unknown
siesta             00000000007634E5  Unknown               Unknown  Unknown
siesta             0000000000756291  Unknown               Unknown  Unknown
siesta             0000000000469CB7  Unknown               Unknown  Unknown
siesta             000000000042D410  Unknown               Unknown  Unknown
siesta             00000000004193FA  Unknown               Unknown  Unknown
siesta             000000000041935D  Unknown               Unknown  Unknown
libc-2.28.so       0000153AB4F847E5  __libc_start_main     Unknown  Unknown
siesta             000000000041927E  Unknown               Unknown  Unknown
forrtl: error (78): process killed (SIGTERM)
Image              PC                Routine            Line        Source             
libpthread-2.28.s  00001473C6885D10  Unknown               Unknown  Unknown
libmpi.so.40.30.4  00001473D04C038C  ompi_coll_libnbc_     Unknown  Unknown
libopen-pal.so.40  00001473C17031A4  opal_progress         Unknown  Unknown
libmpi.so.40.30.4  00001473D0435276  ompi_request_defa     Unknown  Unknown
libmpi.so.40.30.4  00001473D047A8DE  PMPI_Waitall          Unknown  Unknown
libmpi_mpifh.so.4  00001473D097D80E  pmpi_waitall          Unknown  Unknown
siesta             0000000000BE09C4  Unknown               Unknown  Unknown
siesta             0000000000716349  Unknown               Unknown  Unknown
siesta             00000000007634E5  Unknown               Unknown  Unknown
siesta             0000000000756291  Unknown               Unknown  Unknown
siesta             0000000000469CB7  Unknown               Unknown  Unknown
siesta             000000000042D410  Unknown               Unknown  Unknown
siesta             00000000004193FA  Unknown               Unknown  Unknown
siesta             000000000041935D  Unknown               Unknown  Unknown
libc-2.28.so       00001473C55847E5  __libc_start_main     Unknown  Unknown
siesta             000000000041927E  Unknown               Unknown  Unknown
forrtl: error (78): process killed (SIGTERM)
Image              PC                Routine            Line        Source             
libpthread-2.28.s  00001457E570BD10  Unknown               Unknown  Unknown
libuct_ib.so.0.0.  00001457DC224B40  Unknown               Unknown  Unknown
libucp.so.0.0.0    00001457E02B7C0A  ucp_worker_progre     Unknown  Unknown
libopen-pal.so.40  00001457E05891A4  opal_progress         Unknown  Unknown
libmpi.so.40.30.4  00001457EF2BB9AF  ompi_request_defa     Unknown  Unknown
libmpi.so.40.30.4  00001457EF32287F  ompi_coll_base_se     Unknown  Unknown
libmpi.so.40.30.4  00001457EF325D28  ompi_coll_base_al     Unknown  Unknown
libmpi.so.40.30.4  00001457EF338852  ompi_coll_tuned_a     Unknown  Unknown
libmpi.so.40.30.4  00001457EF2D011E  PMPI_Allreduce        Unknown  Unknown
libmpi_mpifh.so.4  00001457EF7F9B39  mpi_allreduce_        Unknown  Unknown
siesta             000000000159AFE9  Unknown               Unknown  Unknown
siesta             0000000000749B8C  Unknown               Unknown  Unknown
siesta             00000000009468BE  Unknown               Unknown  Unknown
siesta             0000000000469E6E  Unknown               Unknown  Unknown
siesta             000000000042D410  Unknown               Unknown  Unknown
siesta             00000000004193FA  Unknown               Unknown  Unknown
siesta             000000000041935D  Unknown               Unknown  Unknown
libc-2.28.so       00001457E440A7E5  __libc_start_main     Unknown  Unknown
siesta             000000000041927E  Unknown               Unknown  Unknown
forrtl: error (78): process killed (SIGTERM)
Image              PC                Routine            Line        Source             
libpthread-2.28.s  000014AB58F7FD10  Unknown               Unknown  Unknown
libopen-pal.so.40  000014AB53DFD1AA  opal_progress         Unknown  Unknown
libmpi.so.40.30.4  000014AB62B2F276  ompi_request_defa     Unknown  Unknown
libmpi.so.40.30.4  000014AB62B748DE  PMPI_Waitall          Unknown  Unknown
libmpi_mpifh.so.4  000014AB6307780E  pmpi_waitall          Unknown  Unknown
siesta             0000000000BE09C4  Unknown               Unknown  Unknown
siesta             0000000000716349  Unknown               Unknown  Unknown
siesta             00000000007634E5  Unknown               Unknown  Unknown
siesta             0000000000756291  Unknown               Unknown  Unknown
siesta             0000000000469CB7  Unknown               Unknown  Unknown
siesta             000000000042D410  Unknown               Unknown  Unknown
siesta             00000000004193FA  Unknown               Unknown  Unknown
siesta             000000000041935D  Unknown               Unknown  Unknown
libc-2.28.so       000014AB57C7E7E5  __libc_start_main     Unknown  Unknown
siesta             000000000041927E  Unknown               Unknown  Unknown
forrtl: error (78): process killed (SIGTERM)
Image              PC                Routine            Line        Source             
libpthread-2.28.s  000014EC1DDEDD10  Unknown               Unknown  Unknown
libopen-pal.so.40  000014EC18D06473  Unknown               Unknown  Unknown
libopen-pal.so.40  000014EC18C6B240  opal_progress         Unknown  Unknown
libmpi.so.40.30.4  000014EC2799D276  ompi_request_defa     Unknown  Unknown
libmpi.so.40.30.4  000014EC279E28DE  PMPI_Waitall          Unknown  Unknown
libmpi_mpifh.so.4  000014EC27EE580E  pmpi_waitall          Unknown  Unknown
siesta             0000000000BE09C4  Unknown               Unknown  Unknown
siesta             0000000000716349  Unknown               Unknown  Unknown
siesta             00000000007634E5  Unknown               Unknown  Unknown
siesta             0000000000756291  Unknown               Unknown  Unknown
siesta             0000000000469CB7  Unknown               Unknown  Unknown
siesta             000000000042D410  Unknown               Unknown  Unknown
siesta             00000000004193FA  Unknown               Unknown  Unknown
siesta             000000000041935D  Unknown               Unknown  Unknown
libc-2.28.so       000014EC1CAEC7E5  __libc_start_main     Unknown  Unknown
siesta             000000000041927E  Unknown               Unknown  Unknown
forrtl: error (78): process killed (SIGTERM)
Image              PC                Routine            Line        Source             
libpthread-2.28.s  000014C1A3817D10  Unknown               Unknown  Unknown
libuct_ib.so.0.0.  000014C199F2FB55  Unknown               Unknown  Unknown
libucp.so.0.0.0    000014C19E3C3C0A  ucp_worker_progre     Unknown  Unknown
libopen-pal.so.40  000014C19E6951A4  opal_progress         Unknown  Unknown
libmpi.so.40.30.4  000014C1AD3C79AF  ompi_request_defa     Unknown  Unknown
libmpi.so.40.30.4  000014C1AD42E87F  ompi_coll_base_se     Unknown  Unknown
libmpi.so.40.30.4  000014C1AD431D28  ompi_coll_base_al     Unknown  Unknown
libmpi.so.40.30.4  000014C1AD444852  ompi_coll_tuned_a     Unknown  Unknown
libmpi.so.40.30.4  000014C1AD3DC11E  PMPI_Allreduce        Unknown  Unknown
libmpi_mpifh.so.4  000014C1AD905B39  mpi_allreduce_        Unknown  Unknown
siesta             000000000159AFE9  Unknown               Unknown  Unknown
siesta             0000000000749B8C  Unknown               Unknown  Unknown
siesta             00000000009468BE  Unknown               Unknown  Unknown
siesta             0000000000469E6E  Unknown               Unknown  Unknown
siesta             000000000042D410  Unknown               Unknown  Unknown
siesta             00000000004193FA  Unknown               Unknown  Unknown
siesta             000000000041935D  Unknown               Unknown  Unknown
libc-2.28.so       000014C1A25167E5  __libc_start_main     Unknown  Unknown
siesta             000000000041927E  Unknown               Unknown  Unknown
forrtl: error (78): process killed (SIGTERM)
Image              PC                Routine            Line        Source             
libpthread-2.28.s  0000148FB649ED10  Unknown               Unknown  Unknown
libucp.so.0.0.0    0000148FB104ABB4  ucp_worker_progre     Unknown  Unknown
libopen-pal.so.40  0000148FB131C1A4  opal_progress         Unknown  Unknown
libmpi.so.40.30.4  0000148FC004E276  ompi_request_defa     Unknown  Unknown
libmpi.so.40.30.4  0000148FC00938DE  PMPI_Waitall          Unknown  Unknown
libmpi_mpifh.so.4  0000148FC059680E  pmpi_waitall          Unknown  Unknown
siesta             0000000000BE09C4  Unknown               Unknown  Unknown
siesta             0000000000716349  Unknown               Unknown  Unknown
siesta             00000000007634E5  Unknown               Unknown  Unknown
siesta             0000000000756291  Unknown               Unknown  Unknown
siesta             0000000000469CB7  Unknown               Unknown  Unknown
siesta             000000000042D410  Unknown               Unknown  Unknown
siesta             00000000004193FA  Unknown               Unknown  Unknown
siesta             000000000041935D  Unknown               Unknown  Unknown
libc-2.28.so       0000148FB519D7E5  __libc_start_main     Unknown  Unknown
siesta             000000000041927E  Unknown               Unknown  Unknown
forrtl: error (78): process killed (SIGTERM)
Image              PC                Routine            Line        Source             
libpthread-2.28.s  000014C636D75D10  Unknown               Unknown  Unknown
libuct_ib.so.0.0.  000014C62D48DB6B  Unknown               Unknown  Unknown
libucp.so.0.0.0    000014C631921C0A  ucp_worker_progre     Unknown  Unknown
libopen-pal.so.40  000014C631BF31A4  opal_progress         Unknown  Unknown
libmpi.so.40.30.4  000014C640925276  ompi_request_defa     Unknown  Unknown
libmpi.so.40.30.4  000014C64096A8DE  PMPI_Waitall          Unknown  Unknown
libmpi_mpifh.so.4  000014C640E6D80E  pmpi_waitall          Unknown  Unknown
siesta             0000000000BE09C4  Unknown               Unknown  Unknown
siesta             0000000000716349  Unknown               Unknown  Unknown
siesta             00000000007634E5  Unknown               Unknown  Unknown
siesta             0000000000756291  Unknown               Unknown  Unknown
siesta             0000000000469CB7  Unknown               Unknown  Unknown
siesta             000000000042D410  Unknown               Unknown  Unknown
siesta             00000000004193FA  Unknown               Unknown  Unknown
siesta             000000000041935D  Unknown               Unknown  Unknown
libc-2.28.so       000014C635A747E5  __libc_start_main     Unknown  Unknown
siesta             000000000041927E  Unknown               Unknown  Unknown
forrtl: error (78): process killed (SIGTERM)
Image              PC                Routine            Line        Source             
libpthread-2.28.s  000014C00BA4DD10  Unknown               Unknown  Unknown
libopen-pal.so.40  000014C0068CB338  opal_progress         Unknown  Unknown
libmpi.so.40.30.4  000014C0155FD276  ompi_request_defa     Unknown  Unknown
libmpi.so.40.30.4  000014C0156428DE  PMPI_Waitall          Unknown  Unknown
libmpi_mpifh.so.4  000014C015B4580E  pmpi_waitall          Unknown  Unknown
siesta             0000000000BE09C4  Unknown               Unknown  Unknown
siesta             0000000000716349  Unknown               Unknown  Unknown
siesta             00000000007634E5  Unknown               Unknown  Unknown
siesta             0000000000756291  Unknown               Unknown  Unknown
siesta             0000000000469CB7  Unknown               Unknown  Unknown
siesta             000000000042D410  Unknown               Unknown  Unknown
siesta             00000000004193FA  Unknown               Unknown  Unknown
siesta             000000000041935D  Unknown               Unknown  Unknown
libc-2.28.so       000014C00A74C7E5  __libc_start_main     Unknown  Unknown
siesta             000000000041927E  Unknown               Unknown  Unknown
forrtl: error (78): process killed (SIGTERM)
Image              PC                Routine            Line        Source             
libpthread-2.28.s  0000153FA5B9AD10  Unknown               Unknown  Unknown
libuct_ib.so.0.0.  0000153F9C2B2B77  Unknown               Unknown  Unknown
libucp.so.0.0.0    0000153FA0746C0A  ucp_worker_progre     Unknown  Unknown
libopen-pal.so.40  0000153FA0A181A4  opal_progress         Unknown  Unknown
libmpi.so.40.30.4  0000153FAF74A276  ompi_request_defa     Unknown  Unknown
libmpi.so.40.30.4  0000153FAF78F8DE  PMPI_Waitall          Unknown  Unknown
libmpi_mpifh.so.4  0000153FAFC9280E  pmpi_waitall          Unknown  Unknown
siesta             0000000000BE09C4  Unknown               Unknown  Unknown
siesta             0000000000716349  Unknown               Unknown  Unknown
siesta             00000000007634E5  Unknown               Unknown  Unknown
siesta             0000000000756291  Unknown               Unknown  Unknown
siesta             0000000000469CB7  Unknown               Unknown  Unknown
siesta             000000000042D410  Unknown               Unknown  Unknown
siesta             00000000004193FA  Unknown               Unknown  Unknown
siesta             000000000041935D  Unknown               Unknown  Unknown
libc-2.28.so       0000153FA48997E5  __libc_start_main     Unknown  Unknown
siesta             000000000041927E  Unknown               Unknown  Unknown
forrtl: error (78): process killed (SIGTERM)
Image              PC                Routine            Line        Source             
libpthread-2.28.s  0000148A618E5D10  Unknown               Unknown  Unknown
libmpi.so.40.30.4  0000148A6B5206C5  ompi_coll_libnbc_     Unknown  Unknown
libopen-pal.so.40  0000148A5C7631A4  opal_progress         Unknown  Unknown
libmpi.so.40.30.4  0000148A6B495276  ompi_request_defa     Unknown  Unknown
libmpi.so.40.30.4  0000148A6B4DA8DE  PMPI_Waitall          Unknown  Unknown
libmpi_mpifh.so.4  0000148A6B9DD80E  pmpi_waitall          Unknown  Unknown
siesta             0000000000BE09C4  Unknown               Unknown  Unknown
siesta             0000000000716349  Unknown               Unknown  Unknown
siesta             00000000007634E5  Unknown               Unknown  Unknown
siesta             0000000000756291  Unknown               Unknown  Unknown
siesta             0000000000469CB7  Unknown               Unknown  Unknown
siesta             000000000042D410  Unknown               Unknown  Unknown
siesta             00000000004193FA  Unknown               Unknown  Unknown
siesta             000000000041935D  Unknown               Unknown  Unknown
libc-2.28.so       0000148A605E47E5  __libc_start_main     Unknown  Unknown
siesta             000000000041927E  Unknown               Unknown  Unknown
forrtl: error (78): process killed (SIGTERM)
Image              PC                Routine            Line        Source             
libpthread-2.28.s  00001459C070CD10  Unknown               Unknown  Unknown
libmpi.so.40.30.4  00001459CA291230  Unknown               Unknown  Unknown
libmpi.so.40.30.4  00001459CA2BC276  ompi_request_defa     Unknown  Unknown
libmpi.so.40.30.4  00001459CA3018DE  PMPI_Waitall          Unknown  Unknown
libmpi_mpifh.so.4  00001459CA80480E  pmpi_waitall          Unknown  Unknown
siesta             0000000000BE09C4  Unknown               Unknown  Unknown
siesta             0000000000716349  Unknown               Unknown  Unknown
siesta             00000000007634E5  Unknown               Unknown  Unknown
siesta             0000000000756291  Unknown               Unknown  Unknown
siesta             0000000000469CB7  Unknown               Unknown  Unknown
siesta             000000000042D410  Unknown               Unknown  Unknown
siesta             00000000004193FA  Unknown               Unknown  Unknown
siesta             000000000041935D  Unknown               Unknown  Unknown
libc-2.28.so       00001459BF40B7E5  __libc_start_main     Unknown  Unknown
siesta             000000000041927E  Unknown               Unknown  Unknown
forrtl: error (78): process killed (SIGTERM)
Image              PC                Routine            Line        Source             
libpthread-2.28.s  0000151B8A745D10  Unknown               Unknown  Unknown
libucp.so.0.0.0    0000151B852F1C00  ucp_worker_progre     Unknown  Unknown
libopen-pal.so.40  0000151B855C31A4  opal_progress         Unknown  Unknown
libmpi.so.40.30.4  0000151B942F5276  ompi_request_defa     Unknown  Unknown
libmpi.so.40.30.4  0000151B9433A8DE  PMPI_Waitall          Unknown  Unknown
libmpi_mpifh.so.4  0000151B9483D80E  pmpi_waitall          Unknown  Unknown
siesta             0000000000BE09C4  Unknown               Unknown  Unknown
siesta             0000000000716349  Unknown               Unknown  Unknown
siesta             00000000007634E5  Unknown               Unknown  Unknown
siesta             0000000000756291  Unknown               Unknown  Unknown
siesta             0000000000469CB7  Unknown               Unknown  Unknown
siesta             000000000042D410  Unknown               Unknown  Unknown
siesta             00000000004193FA  Unknown               Unknown  Unknown
siesta             000000000041935D  Unknown               Unknown  Unknown
libc-2.28.so       0000151B894447E5  __libc_start_main     Unknown  Unknown
siesta             000000000041927E  Unknown               Unknown  Unknown
forrtl: error (78): process killed (SIGTERM)
Image              PC                Routine            Line        Source             
libpthread-2.28.s  000014D95910DD10  Unknown               Unknown  Unknown
libuct_ib.so.0.0.  000014D94B7C5CE4  Unknown               Unknown  Unknown
libucp.so.0.0.0    000014D953CB9C0A  ucp_worker_progre     Unknown  Unknown
libopen-pal.so.40  000014D953F8B1A4  opal_progress         Unknown  Unknown
libmpi.so.40.30.4  000014D962CBD276  ompi_request_defa     Unknown  Unknown
libmpi.so.40.30.4  000014D962D028DE  PMPI_Waitall          Unknown  Unknown
libmpi_mpifh.so.4  000014D96320580E  pmpi_waitall          Unknown  Unknown
siesta             0000000000BE09C4  Unknown               Unknown  Unknown
siesta             0000000000716349  Unknown               Unknown  Unknown
siesta             00000000007634E5  Unknown               Unknown  Unknown
siesta             0000000000756291  Unknown               Unknown  Unknown
siesta             0000000000469CB7  Unknown               Unknown  Unknown
siesta             000000000042D410  Unknown               Unknown  Unknown
siesta             00000000004193FA  Unknown               Unknown  Unknown
siesta             000000000041935D  Unknown               Unknown  Unknown
libc-2.28.so       000014D957E0C7E5  __libc_start_main     Unknown  Unknown
siesta             000000000041927E  Unknown               Unknown  Unknown
forrtl: error (78): process killed (SIGTERM)
Image              PC                Routine            Line        Source             
libpthread-2.28.s  0000147949780D10  Unknown               Unknown  Unknown
libmpi.so.40.30.4  0000147953330271  ompi_request_defa     Unknown  Unknown
libmpi.so.40.30.4  00001479533758DE  PMPI_Waitall          Unknown  Unknown
libmpi_mpifh.so.4  000014795387880E  pmpi_waitall          Unknown  Unknown
siesta             0000000000BE09C4  Unknown               Unknown  Unknown
siesta             0000000000716349  Unknown               Unknown  Unknown
siesta             00000000007634E5  Unknown               Unknown  Unknown
siesta             0000000000756291  Unknown               Unknown  Unknown
siesta             0000000000469CB7  Unknown               Unknown  Unknown
siesta             000000000042D410  Unknown               Unknown  Unknown
siesta             00000000004193FA  Unknown               Unknown  Unknown
siesta             000000000041935D  Unknown               Unknown  Unknown
libc-2.28.so       000014794847F7E5  __libc_start_main     Unknown  Unknown
siesta             000000000041927E  Unknown               Unknown  Unknown
forrtl: error (78): process killed (SIGTERM)
Image              PC                Routine            Line        Source             
libpthread-2.28.s  00001512E1902D10  Unknown               Unknown  Unknown
libmpi.so.40.30.4  00001512EB53D6C5  ompi_coll_libnbc_     Unknown  Unknown
libopen-pal.so.40  00001512DC7801A4  opal_progress         Unknown  Unknown
libmpi.so.40.30.4  00001512EB4B2276  ompi_request_defa     Unknown  Unknown
libmpi.so.40.30.4  00001512EB4F78DE  PMPI_Waitall          Unknown  Unknown
libmpi_mpifh.so.4  00001512EB9FA80E  pmpi_waitall          Unknown  Unknown
siesta             0000000000BE09C4  Unknown               Unknown  Unknown
siesta             0000000000716349  Unknown               Unknown  Unknown
siesta             00000000007634E5  Unknown               Unknown  Unknown
siesta             0000000000756291  Unknown               Unknown  Unknown
siesta             0000000000469CB7  Unknown               Unknown  Unknown
siesta             000000000042D410  Unknown               Unknown  Unknown
siesta             00000000004193FA  Unknown               Unknown  Unknown
siesta             000000000041935D  Unknown               Unknown  Unknown
libc-2.28.so       00001512E06017E5  __libc_start_main     Unknown  Unknown
siesta             000000000041927E  Unknown               Unknown  Unknown
forrtl: error (78): process killed (SIGTERM)
Image              PC                Routine            Line        Source             
libpthread-2.28.s  000014AA97C01D10  Unknown               Unknown  Unknown
libucp.so.0.0.0    000014AA927ADC67  ucp_worker_progre     Unknown  Unknown
libopen-pal.so.40  000014AA92A7F1A4  opal_progress         Unknown  Unknown
libmpi.so.40.30.4  000014AAA17B19AF  ompi_request_defa     Unknown  Unknown
libmpi.so.40.30.4  000014AAA181887F  ompi_coll_base_se     Unknown  Unknown
libmpi.so.40.30.4  000014AAA181BD28  ompi_coll_base_al     Unknown  Unknown
libmpi.so.40.30.4  000014AAA182E852  ompi_coll_tuned_a     Unknown  Unknown
libmpi.so.40.30.4  000014AAA17C611E  PMPI_Allreduce        Unknown  Unknown
libmpi_mpifh.so.4  000014AAA1CEFB39  mpi_allreduce_        Unknown  Unknown
siesta             000000000159AFE9  Unknown               Unknown  Unknown
siesta             0000000000749B8C  Unknown               Unknown  Unknown
siesta             00000000009468BE  Unknown               Unknown  Unknown
siesta             0000000000469E6E  Unknown               Unknown  Unknown
siesta             000000000042D410  Unknown               Unknown  Unknown
siesta             00000000004193FA  Unknown               Unknown  Unknown
siesta             000000000041935D  Unknown               Unknown  Unknown
libc-2.28.so       000014AA969007E5  __libc_start_main     Unknown  Unknown
siesta             000000000041927E  Unknown               Unknown  Unknown
forrtl: error (78): process killed (SIGTERM)
Image              PC                Routine            Line        Source             
libpthread-2.28.s  0000154C6EA1BD10  Unknown               Unknown  Unknown
libuct_ib.so.0.0.  0000154C65133B6B  Unknown               Unknown  Unknown
libucp.so.0.0.0    0000154C695C7C0A  ucp_worker_progre     Unknown  Unknown
libopen-pal.so.40  0000154C698991A4  opal_progress         Unknown  Unknown
libmpi.so.40.30.4  0000154C785CB9AF  ompi_request_defa     Unknown  Unknown
libmpi.so.40.30.4  0000154C7863287F  ompi_coll_base_se     Unknown  Unknown
libmpi.so.40.30.4  0000154C78635D28  ompi_coll_base_al     Unknown  Unknown
libmpi.so.40.30.4  0000154C78648852  ompi_coll_tuned_a     Unknown  Unknown
libmpi.so.40.30.4  0000154C785E011E  PMPI_Allreduce        Unknown  Unknown
libmpi_mpifh.so.4  0000154C78B09B39  mpi_allreduce_        Unknown  Unknown
siesta             000000000159AFE9  Unknown               Unknown  Unknown
siesta             0000000000749B8C  Unknown               Unknown  Unknown
siesta             00000000009468BE  Unknown               Unknown  Unknown
siesta             0000000000469E6E  Unknown               Unknown  Unknown
siesta             000000000042D410  Unknown               Unknown  Unknown
siesta             00000000004193FA  Unknown               Unknown  Unknown
siesta             000000000041935D  Unknown               Unknown  Unknown
libc-2.28.so       0000154C6D71A7E5  __libc_start_main     Unknown  Unknown
siesta             000000000041927E  Unknown               Unknown  Unknown
forrtl: error (78): process killed (SIGTERM)
Image              PC                Routine            Line        Source             
libpthread-2.28.s  000014B6CFC7CD10  Unknown               Unknown  Unknown
libucp.so.0.0.0    000014B6CA828BBB  ucp_worker_progre     Unknown  Unknown
libopen-pal.so.40  000014B6CAAFA1A4  opal_progress         Unknown  Unknown
libmpi.so.40.30.4  000014B6D982C276  ompi_request_defa     Unknown  Unknown
libmpi.so.40.30.4  000014B6D98718DE  PMPI_Waitall          Unknown  Unknown
libmpi_mpifh.so.4  000014B6D9D7480E  pmpi_waitall          Unknown  Unknown
siesta             0000000000BE09C4  Unknown               Unknown  Unknown
siesta             0000000000716349  Unknown               Unknown  Unknown
siesta             00000000007634E5  Unknown               Unknown  Unknown
siesta             0000000000756291  Unknown               Unknown  Unknown
siesta             0000000000469CB7  Unknown               Unknown  Unknown
siesta             000000000042D410  Unknown               Unknown  Unknown
siesta             00000000004193FA  Unknown               Unknown  Unknown
siesta             000000000041935D  Unknown               Unknown  Unknown
libc-2.28.so       000014B6CE97B7E5  __libc_start_main     Unknown  Unknown
siesta             000000000041927E  Unknown               Unknown  Unknown
forrtl: error (78): process killed (SIGTERM)
Image              PC                Routine            Line        Source             
libpthread-2.28.s  000015474DDDCD10  Unknown               Unknown  Unknown
libmpi.so.40.30.4  0000154757A173A0  ompi_coll_libnbc_     Unknown  Unknown
libopen-pal.so.40  0000154748C5A1A4  opal_progress         Unknown  Unknown
libmpi.so.40.30.4  000015475798C276  ompi_request_defa     Unknown  Unknown
libmpi.so.40.30.4  00001547579D18DE  PMPI_Waitall          Unknown  Unknown
libmpi_mpifh.so.4  0000154757ED480E  pmpi_waitall          Unknown  Unknown
siesta             0000000000BE09C4  Unknown               Unknown  Unknown
siesta             0000000000716349  Unknown               Unknown  Unknown
siesta             00000000007634E5  Unknown               Unknown  Unknown
siesta             0000000000756291  Unknown               Unknown  Unknown
siesta             0000000000469CB7  Unknown               Unknown  Unknown
siesta             000000000042D410  Unknown               Unknown  Unknown
siesta             00000000004193FA  Unknown               Unknown  Unknown
siesta             000000000041935D  Unknown               Unknown  Unknown
libc-2.28.so       000015474CADB7E5  __libc_start_main     Unknown  Unknown
siesta             000000000041927E  Unknown               Unknown  Unknown
forrtl: error (78): process killed (SIGTERM)
Image              PC                Routine            Line        Source             
libpthread-2.28.s  0000153FC9D20D10  Unknown               Unknown  Unknown
libuct_ib.so.0.0.  0000153FC0438B6B  Unknown               Unknown  Unknown
libucp.so.0.0.0    0000153FC48CCC0A  ucp_worker_progre     Unknown  Unknown
libopen-pal.so.40  0000153FC4B9E1A4  opal_progress         Unknown  Unknown
libmpi.so.40.30.4  0000153FD38D0276  ompi_request_defa     Unknown  Unknown
libmpi.so.40.30.4  0000153FD39158DE  PMPI_Waitall          Unknown  Unknown
libmpi_mpifh.so.4  0000153FD3E1880E  pmpi_waitall          Unknown  Unknown
siesta             0000000000BE09C4  Unknown               Unknown  Unknown
siesta             0000000000716349  Unknown               Unknown  Unknown
siesta             00000000007634E5  Unknown               Unknown  Unknown
siesta             0000000000756291  Unknown               Unknown  Unknown
siesta             0000000000469CB7  Unknown               Unknown  Unknown
siesta             000000000042D410  Unknown               Unknown  Unknown
siesta             00000000004193FA  Unknown               Unknown  Unknown
siesta             000000000041935D  Unknown               Unknown  Unknown
libc-2.28.so       0000153FC8A1F7E5  __libc_start_main     Unknown  Unknown
siesta             000000000041927E  Unknown               Unknown  Unknown
forrtl: error (78): process killed (SIGTERM)
Image              PC                Routine            Line        Source             
libpthread-2.28.s  000015092662FD10  Unknown               Unknown  Unknown
libuct_ib.so.0.0.  000015091CD47B6B  Unknown               Unknown  Unknown
libucp.so.0.0.0    00001509211DBC0A  ucp_worker_progre     Unknown  Unknown
libopen-pal.so.40  00001509214AD1A4  opal_progress         Unknown  Unknown
libmpi.so.40.30.4  00001509301DF276  ompi_request_defa     Unknown  Unknown
libmpi.so.40.30.4  00001509302248DE  PMPI_Waitall          Unknown  Unknown
libmpi_mpifh.so.4  000015093072780E  pmpi_waitall          Unknown  Unknown
siesta             0000000000BE09C4  Unknown               Unknown  Unknown
siesta             0000000000716349  Unknown               Unknown  Unknown
siesta             00000000007634E5  Unknown               Unknown  Unknown
siesta             0000000000756291  Unknown               Unknown  Unknown
siesta             0000000000469CB7  Unknown               Unknown  Unknown
siesta             000000000042D410  Unknown               Unknown  Unknown
siesta             00000000004193FA  Unknown               Unknown  Unknown
siesta             000000000041935D  Unknown               Unknown  Unknown
libc-2.28.so       000015092532E7E5  __libc_start_main     Unknown  Unknown
siesta             000000000041927E  Unknown               Unknown  Unknown
forrtl: error (78): process killed (SIGTERM)
Image              PC                Routine            Line        Source             
libpthread-2.28.s  0000145657F32D10  Unknown               Unknown  Unknown
libmpi.so.40.30.4  0000145661AE2271  ompi_request_defa     Unknown  Unknown
libmpi.so.40.30.4  0000145661B278DE  PMPI_Waitall          Unknown  Unknown
libmpi_mpifh.so.4  000014566202A80E  pmpi_waitall          Unknown  Unknown
siesta             0000000000BE09C4  Unknown               Unknown  Unknown
siesta             0000000000716349  Unknown               Unknown  Unknown
siesta             00000000007634E5  Unknown               Unknown  Unknown
siesta             0000000000756291  Unknown               Unknown  Unknown
siesta             0000000000469CB7  Unknown               Unknown  Unknown
siesta             000000000042D410  Unknown               Unknown  Unknown
siesta             00000000004193FA  Unknown               Unknown  Unknown
siesta             000000000041935D  Unknown               Unknown  Unknown
libc-2.28.so       0000145656C317E5  __libc_start_main     Unknown  Unknown
siesta             000000000041927E  Unknown               Unknown  Unknown
forrtl: error (78): process killed (SIGTERM)
Image              PC                Routine            Line        Source             
libpthread-2.28.s  000014F018681D10  Unknown               Unknown  Unknown
libmpi.so.40.30.4  000014F022206230  Unknown               Unknown  Unknown
libmpi.so.40.30.4  000014F022231276  ompi_request_defa     Unknown  Unknown
libmpi.so.40.30.4  000014F0222768DE  PMPI_Waitall          Unknown  Unknown
libmpi_mpifh.so.4  000014F02277980E  pmpi_waitall          Unknown  Unknown
siesta             0000000000BE09C4  Unknown               Unknown  Unknown
siesta             0000000000716349  Unknown               Unknown  Unknown
siesta             00000000007634E5  Unknown               Unknown  Unknown
siesta             0000000000756291  Unknown               Unknown  Unknown
siesta             0000000000469CB7  Unknown               Unknown  Unknown
siesta             000000000042D410  Unknown               Unknown  Unknown
siesta             00000000004193FA  Unknown               Unknown  Unknown
siesta             000000000041935D  Unknown               Unknown  Unknown
libc-2.28.so       000014F0173807E5  __libc_start_main     Unknown  Unknown
siesta             000000000041927E  Unknown               Unknown  Unknown
forrtl: error (78): process killed (SIGTERM)
Image              PC                Routine            Line        Source             
libpthread-2.28.s  0000151243FFFD10  Unknown               Unknown  Unknown
libuct_ib.so.0.0.  000015123A717EDE  Unknown               Unknown  Unknown
libucp.so.0.0.0    000015123EBABC0A  ucp_worker_progre     Unknown  Unknown
libopen-pal.so.40  000015123EE7D1A4  opal_progress         Unknown  Unknown
libmpi.so.40.30.4  000015124DBAF276  ompi_request_defa     Unknown  Unknown
libmpi.so.40.30.4  000015124DBF48DE  PMPI_Waitall          Unknown  Unknown
libmpi_mpifh.so.4  000015124E0F780E  pmpi_waitall          Unknown  Unknown
siesta             0000000000BE09C4  Unknown               Unknown  Unknown
siesta             0000000000716349  Unknown               Unknown  Unknown
siesta             00000000007634E5  Unknown               Unknown  Unknown
siesta             0000000000756291  Unknown               Unknown  Unknown
siesta             0000000000469CB7  Unknown               Unknown  Unknown
siesta             000000000042D410  Unknown               Unknown  Unknown
siesta             00000000004193FA  Unknown               Unknown  Unknown
siesta             000000000041935D  Unknown               Unknown  Unknown
libc-2.28.so       0000151242CFE7E5  __libc_start_main     Unknown  Unknown
siesta             000000000041927E  Unknown               Unknown  Unknown
forrtl: error (78): process killed (SIGTERM)
Image              PC                Routine            Line        Source             
libpthread-2.28.s  000014CCAD5E5D10  Unknown               Unknown  Unknown
libmpi.so.40.30.4  000014CCB7195271  ompi_request_defa     Unknown  Unknown
libmpi.so.40.30.4  000014CCB71DA8DE  PMPI_Waitall          Unknown  Unknown
libmpi_mpifh.so.4  000014CCB76DD80E  pmpi_waitall          Unknown  Unknown
siesta             0000000000BE09C4  Unknown               Unknown  Unknown
siesta             0000000000716349  Unknown               Unknown  Unknown
siesta             00000000007634E5  Unknown               Unknown  Unknown
siesta             0000000000756291  Unknown               Unknown  Unknown
siesta             0000000000469CB7  Unknown               Unknown  Unknown
siesta             000000000042D410  Unknown               Unknown  Unknown
siesta             00000000004193FA  Unknown               Unknown  Unknown
siesta             000000000041935D  Unknown               Unknown  Unknown
libc-2.28.so       000014CCAC2E47E5  __libc_start_main     Unknown  Unknown
siesta             000000000041927E  Unknown               Unknown  Unknown
forrtl: error (78): process killed (SIGTERM)
Image              PC                Routine            Line        Source             
libpthread-2.28.s  000014D665587D10  Unknown               Unknown  Unknown
libuct_ib.so.0.0.  000014D65C0A0B84  Unknown               Unknown  Unknown
libucp.so.0.0.0    000014D660133C0A  ucp_worker_progre     Unknown  Unknown
libopen-pal.so.40  000014D6604051A4  opal_progress         Unknown  Unknown
libmpi.so.40.30.4  000014D66F137276  ompi_request_defa     Unknown  Unknown
libmpi.so.40.30.4  000014D66F17C8DE  PMPI_Waitall          Unknown  Unknown
libmpi_mpifh.so.4  000014D66F67F80E  pmpi_waitall          Unknown  Unknown
siesta             0000000000BE09C4  Unknown               Unknown  Unknown
siesta             0000000000716349  Unknown               Unknown  Unknown
siesta             00000000007634E5  Unknown               Unknown  Unknown
siesta             0000000000756291  Unknown               Unknown  Unknown
siesta             0000000000469CB7  Unknown               Unknown  Unknown
siesta             000000000042D410  Unknown               Unknown  Unknown
siesta             00000000004193FA  Unknown               Unknown  Unknown
siesta             000000000041935D  Unknown               Unknown  Unknown
libc-2.28.so       000014D6642867E5  __libc_start_main     Unknown  Unknown
siesta             000000000041927E  Unknown               Unknown  Unknown
forrtl: error (78): process killed (SIGTERM)
Image              PC                Routine            Line        Source             
libpthread-2.28.s  000014E8A88F4D10  Unknown               Unknown  Unknown
libuct_ib.so.0.0.  000014E89F00CB6B  Unknown               Unknown  Unknown
libucp.so.0.0.0    000014E8A34A0C0A  ucp_worker_progre     Unknown  Unknown
libopen-pal.so.40  000014E8A37721A4  opal_progress         Unknown  Unknown
libmpi.so.40.30.4  000014E8B24A4276  ompi_request_defa     Unknown  Unknown
libmpi.so.40.30.4  000014E8B24E98DE  PMPI_Waitall          Unknown  Unknown
libmpi_mpifh.so.4  000014E8B29EC80E  pmpi_waitall          Unknown  Unknown
siesta             0000000000BE09C4  Unknown               Unknown  Unknown
siesta             0000000000716349  Unknown               Unknown  Unknown
siesta             00000000007634E5  Unknown               Unknown  Unknown
siesta             0000000000756291  Unknown               Unknown  Unknown
siesta             0000000000469CB7  Unknown               Unknown  Unknown
siesta             000000000042D410  Unknown               Unknown  Unknown
siesta             00000000004193FA  Unknown               Unknown  Unknown
siesta             000000000041935D  Unknown               Unknown  Unknown
libc-2.28.so       000014E8A75F37E5  __libc_start_main     Unknown  Unknown
siesta             000000000041927E  Unknown               Unknown  Unknown
forrtl: error (78): process killed (SIGTERM)
Image              PC                Routine            Line        Source             
libpthread-2.28.s  000014E8E3909D10  Unknown               Unknown  Unknown
libucp.so.0.0.0    000014E8DE4B5BBB  ucp_worker_progre     Unknown  Unknown
libopen-pal.so.40  000014E8DE7871A4  opal_progress         Unknown  Unknown
libmpi.so.40.30.4  000014E8ED4B9276  ompi_request_defa     Unknown  Unknown
libmpi.so.40.30.4  000014E8ED4FE8DE  PMPI_Waitall          Unknown  Unknown
libmpi_mpifh.so.4  000014E8EDA0180E  pmpi_waitall          Unknown  Unknown
siesta             0000000000BE09C4  Unknown               Unknown  Unknown
siesta             0000000000716349  Unknown               Unknown  Unknown
siesta             00000000007634E5  Unknown               Unknown  Unknown
siesta             0000000000756291  Unknown               Unknown  Unknown
siesta             0000000000469CB7  Unknown               Unknown  Unknown
siesta             000000000042D410  Unknown               Unknown  Unknown
siesta             00000000004193FA  Unknown               Unknown  Unknown
siesta             000000000041935D  Unknown               Unknown  Unknown
libc-2.28.so       000014E8E26087E5  __libc_start_main     Unknown  Unknown
siesta             000000000041927E  Unknown               Unknown  Unknown
forrtl: error (78): process killed (SIGTERM)
Image              PC                Routine            Line        Source             
libpthread-2.28.s  00001505F3F74D10  Unknown               Unknown  Unknown
libuct_ib.so.0.0.  00001505EA68CCF5  Unknown               Unknown  Unknown
libucp.so.0.0.0    00001505EEB20C0A  ucp_worker_progre     Unknown  Unknown
libopen-pal.so.40  00001505EEDF21A4  opal_progress         Unknown  Unknown
libmpi.so.40.30.4  00001505FDB24276  ompi_request_defa     Unknown  Unknown
libmpi.so.40.30.4  00001505FDB698DE  PMPI_Waitall          Unknown  Unknown
libmpi_mpifh.so.4  00001505FE06C80E  pmpi_waitall          Unknown  Unknown
siesta             0000000000BE09C4  Unknown               Unknown  Unknown
siesta             0000000000716349  Unknown               Unknown  Unknown
siesta             00000000007634E5  Unknown               Unknown  Unknown
siesta             0000000000756291  Unknown               Unknown  Unknown
siesta             0000000000469CB7  Unknown               Unknown  Unknown
siesta             000000000042D410  Unknown               Unknown  Unknown
siesta             00000000004193FA  Unknown               Unknown  Unknown
siesta             000000000041935D  Unknown               Unknown  Unknown
libc-2.28.so       00001505F2C737E5  __libc_start_main     Unknown  Unknown
siesta             000000000041927E  Unknown               Unknown  Unknown
forrtl: error (78): process killed (SIGTERM)
Image              PC                Routine            Line        Source             
libpthread-2.28.s  000015011823BD10  Unknown               Unknown  Unknown
libopen-pal.so.40  0000150113154475  Unknown               Unknown  Unknown
libopen-pal.so.40  00001501130B9240  opal_progress         Unknown  Unknown
libmpi.so.40.30.4  0000150121DEB276  ompi_request_defa     Unknown  Unknown
libmpi.so.40.30.4  0000150121E308DE  PMPI_Waitall          Unknown  Unknown
libmpi_mpifh.so.4  000015012233380E  pmpi_waitall          Unknown  Unknown
siesta             0000000000BE09C4  Unknown               Unknown  Unknown
siesta             0000000000716349  Unknown               Unknown  Unknown
siesta             00000000007634E5  Unknown               Unknown  Unknown
siesta             0000000000756291  Unknown               Unknown  Unknown
siesta             0000000000469CB7  Unknown               Unknown  Unknown
siesta             000000000042D410  Unknown               Unknown  Unknown
siesta             00000000004193FA  Unknown               Unknown  Unknown
siesta             000000000041935D  Unknown               Unknown  Unknown
libc-2.28.so       0000150116F3A7E5  __libc_start_main     Unknown  Unknown
siesta             000000000041927E  Unknown               Unknown  Unknown
forrtl: error (78): process killed (SIGTERM)
Image              PC                Routine            Line        Source             
libpthread-2.28.s  000014CB59CB6D10  Unknown               Unknown  Unknown
libuct_ib.so.0.0.  000014CB503CEB40  Unknown               Unknown  Unknown
libucp.so.0.0.0    000014CB54862C0A  ucp_worker_progre     Unknown  Unknown
libopen-pal.so.40  000014CB54B341A4  opal_progress         Unknown  Unknown
libmpi.so.40.30.4  000014CB63866276  ompi_request_defa     Unknown  Unknown
libmpi.so.40.30.4  000014CB638AB8DE  PMPI_Waitall          Unknown  Unknown
libmpi_mpifh.so.4  000014CB63DAE80E  pmpi_waitall          Unknown  Unknown
siesta             0000000000BE09C4  Unknown               Unknown  Unknown
siesta             0000000000716349  Unknown               Unknown  Unknown
siesta             00000000007634E5  Unknown               Unknown  Unknown
siesta             0000000000756291  Unknown               Unknown  Unknown
siesta             0000000000469CB7  Unknown               Unknown  Unknown
siesta             000000000042D410  Unknown               Unknown  Unknown
siesta             00000000004193FA  Unknown               Unknown  Unknown
siesta             000000000041935D  Unknown               Unknown  Unknown
libc-2.28.so       000014CB589B57E5  __libc_start_main     Unknown  Unknown
siesta             000000000041927E  Unknown               Unknown  Unknown
forrtl: error (78): process killed (SIGTERM)
Image              PC                Routine            Line        Source             
libpthread-2.28.s  00001506B54C9D10  Unknown               Unknown  Unknown
libuct_ib.so.0.0.  00001506A79C6B6B  Unknown               Unknown  Unknown
libucp.so.0.0.0    00001506B0075C0A  ucp_worker_progre     Unknown  Unknown
libopen-pal.so.40  00001506B03471A4  opal_progress         Unknown  Unknown
libmpi.so.40.30.4  00001506BF079276  ompi_request_defa     Unknown  Unknown
libmpi.so.40.30.4  00001506BF0BE8DE  PMPI_Waitall          Unknown  Unknown
libmpi_mpifh.so.4  00001506BF5C180E  pmpi_waitall          Unknown  Unknown
siesta             0000000000BE09C4  Unknown               Unknown  Unknown
siesta             0000000000716349  Unknown               Unknown  Unknown
siesta             00000000007634E5  Unknown               Unknown  Unknown
siesta             0000000000756291  Unknown               Unknown  Unknown
siesta             0000000000469CB7  Unknown               Unknown  Unknown
siesta             000000000042D410  Unknown               Unknown  Unknown
siesta             00000000004193FA  Unknown               Unknown  Unknown
siesta             000000000041935D  Unknown               Unknown  Unknown
libc-2.28.so       00001506B41C87E5  __libc_start_main     Unknown  Unknown
siesta             000000000041927E  Unknown               Unknown  Unknown
forrtl: error (78): process killed (SIGTERM)
Image              PC                Routine            Line        Source             
libpthread-2.28.s  000014A12DD7AD10  Unknown               Unknown  Unknown
libmpi.so.40.30.4  000014A1379B56C5  ompi_coll_libnbc_     Unknown  Unknown
libopen-pal.so.40  000014A128BF81A4  opal_progress         Unknown  Unknown
libmpi.so.40.30.4  000014A13792A276  ompi_request_defa     Unknown  Unknown
libmpi.so.40.30.4  000014A13796F8DE  PMPI_Waitall          Unknown  Unknown
libmpi_mpifh.so.4  000014A137E7280E  pmpi_waitall          Unknown  Unknown
siesta             0000000000BE09C4  Unknown               Unknown  Unknown
siesta             0000000000716349  Unknown               Unknown  Unknown
siesta             00000000007634E5  Unknown               Unknown  Unknown
siesta             0000000000756291  Unknown               Unknown  Unknown
siesta             0000000000469CB7  Unknown               Unknown  Unknown
siesta             000000000042D410  Unknown               Unknown  Unknown
siesta             00000000004193FA  Unknown               Unknown  Unknown
siesta             000000000041935D  Unknown               Unknown  Unknown
libc-2.28.so       000014A12CA797E5  __libc_start_main     Unknown  Unknown
siesta             000000000041927E  Unknown               Unknown  Unknown
forrtl: error (78): process killed (SIGTERM)
Image              PC                Routine            Line        Source             
libpthread-2.28.s  0000153FA8984D10  Unknown               Unknown  Unknown
libuct_ib.so.0.0.  0000153F9F09CB6B  Unknown               Unknown  Unknown
libucp.so.0.0.0    0000153FA3530C0A  ucp_worker_progre     Unknown  Unknown
libopen-pal.so.40  0000153FA38021A4  opal_progress         Unknown  Unknown
libmpi.so.40.30.4  0000153FB2534276  ompi_request_defa     Unknown  Unknown
libmpi.so.40.30.4  0000153FB25798DE  PMPI_Waitall          Unknown  Unknown
libmpi_mpifh.so.4  0000153FB2A7C80E  pmpi_waitall          Unknown  Unknown
siesta             0000000000BE09C4  Unknown               Unknown  Unknown
siesta             0000000000716349  Unknown               Unknown  Unknown
siesta             00000000007634E5  Unknown               Unknown  Unknown
siesta             0000000000756291  Unknown               Unknown  Unknown
siesta             0000000000469CB7  Unknown               Unknown  Unknown
siesta             000000000042D410  Unknown               Unknown  Unknown
siesta             00000000004193FA  Unknown               Unknown  Unknown
siesta             000000000041935D  Unknown               Unknown  Unknown
libc-2.28.so       0000153FA76837E5  __libc_start_main     Unknown  Unknown
siesta             000000000041927E  Unknown               Unknown  Unknown
forrtl: error (78): process killed (SIGTERM)
Image              PC                Routine            Line        Source             
libpthread-2.28.s  00001527E9CCDD10  Unknown               Unknown  Unknown
libopen-pal.so.40  00001527E4BE6475  Unknown               Unknown  Unknown
libopen-pal.so.40  00001527E4B4B240  opal_progress         Unknown  Unknown
libmpi.so.40.30.4  00001527F387D276  ompi_request_defa     Unknown  Unknown
libmpi.so.40.30.4  00001527F38C28DE  PMPI_Waitall          Unknown  Unknown
libmpi_mpifh.so.4  00001527F3DC580E  pmpi_waitall          Unknown  Unknown
siesta             0000000000BE09C4  Unknown               Unknown  Unknown
siesta             0000000000716349  Unknown               Unknown  Unknown
siesta             00000000007634E5  Unknown               Unknown  Unknown
siesta             0000000000756291  Unknown               Unknown  Unknown
siesta             0000000000469CB7  Unknown               Unknown  Unknown
siesta             000000000042D410  Unknown               Unknown  Unknown
siesta             00000000004193FA  Unknown               Unknown  Unknown
siesta             000000000041935D  Unknown               Unknown  Unknown
libc-2.28.so       00001527E89CC7E5  __libc_start_main     Unknown  Unknown
siesta             000000000041927E  Unknown               Unknown  Unknown
forrtl: error (78): process killed (SIGTERM)
Image              PC                Routine            Line        Source             
libpthread-2.28.s  0000147D2AA96D10  Unknown               Unknown  Unknown
libuct_ib.so.0.0.  0000147D211AEEDE  Unknown               Unknown  Unknown
libucp.so.0.0.0    0000147D25642C0A  ucp_worker_progre     Unknown  Unknown
libopen-pal.so.40  0000147D259141A4  opal_progress         Unknown  Unknown
libmpi.so.40.30.4  0000147D34646276  ompi_request_defa     Unknown  Unknown
libmpi.so.40.30.4  0000147D3468B8DE  PMPI_Waitall          Unknown  Unknown
libmpi_mpifh.so.4  0000147D34B8E80E  pmpi_waitall          Unknown  Unknown
siesta             0000000000BE09C4  Unknown               Unknown  Unknown
siesta             0000000000716349  Unknown               Unknown  Unknown
siesta             00000000007634E5  Unknown               Unknown  Unknown
siesta             0000000000756291  Unknown               Unknown  Unknown
siesta             0000000000469CB7  Unknown               Unknown  Unknown
siesta             000000000042D410  Unknown               Unknown  Unknown
siesta             00000000004193FA  Unknown               Unknown  Unknown
siesta             000000000041935D  Unknown               Unknown  Unknown
libc-2.28.so       0000147D297957E5  __libc_start_main     Unknown  Unknown
siesta             000000000041927E  Unknown               Unknown  Unknown
forrtl: error (78): process killed (SIGTERM)
Image              PC                Routine            Line        Source             
libpthread-2.28.s  000015372115DD10  Unknown               Unknown  Unknown
libmpi.so.40.30.4  000015372AD986C5  ompi_coll_libnbc_     Unknown  Unknown
libopen-pal.so.40  000015371BFDB1A4  opal_progress         Unknown  Unknown
libmpi.so.40.30.4  000015372AD0D276  ompi_request_defa     Unknown  Unknown
libmpi.so.40.30.4  000015372AD528DE  PMPI_Waitall          Unknown  Unknown
libmpi_mpifh.so.4  000015372B25580E  pmpi_waitall          Unknown  Unknown
siesta             0000000000BE09C4  Unknown               Unknown  Unknown
siesta             0000000000716349  Unknown               Unknown  Unknown
siesta             00000000007634E5  Unknown               Unknown  Unknown
siesta             0000000000756291  Unknown               Unknown  Unknown
siesta             0000000000469CB7  Unknown               Unknown  Unknown
siesta             000000000042D410  Unknown               Unknown  Unknown
siesta             00000000004193FA  Unknown               Unknown  Unknown
siesta             000000000041935D  Unknown               Unknown  Unknown
libc-2.28.so       000015371FE5C7E5  __libc_start_main     Unknown  Unknown
siesta             000000000041927E  Unknown               Unknown  Unknown
forrtl: error (78): process killed (SIGTERM)
Image              PC                Routine            Line        Source             
libpthread-2.28.s  000014B6734F9D10  Unknown               Unknown  Unknown
libuct_ib.so.0.0.  000014B669C11B6B  Unknown               Unknown  Unknown
libucp.so.0.0.0    000014B66E0A5C0A  ucp_worker_progre     Unknown  Unknown
libopen-pal.so.40  000014B66E3771A4  opal_progress         Unknown  Unknown
libmpi.so.40.30.4  000014B67D0A99AF  ompi_request_defa     Unknown  Unknown
libmpi.so.40.30.4  000014B67D11087F  ompi_coll_base_se     Unknown  Unknown
libmpi.so.40.30.4  000014B67D113D28  ompi_coll_base_al     Unknown  Unknown
libmpi.so.40.30.4  000014B67D126852  ompi_coll_tuned_a     Unknown  Unknown
libmpi.so.40.30.4  000014B67D0BE11E  PMPI_Allreduce        Unknown  Unknown
libmpi_mpifh.so.4  000014B67D5E7B39  mpi_allreduce_        Unknown  Unknown
siesta             000000000159AFE9  Unknown               Unknown  Unknown
siesta             0000000000749B8C  Unknown               Unknown  Unknown
siesta             00000000009468BE  Unknown               Unknown  Unknown
siesta             0000000000469E6E  Unknown               Unknown  Unknown
siesta             000000000042D410  Unknown               Unknown  Unknown
siesta             00000000004193FA  Unknown               Unknown  Unknown
siesta             000000000041935D  Unknown               Unknown  Unknown
libc-2.28.so       000014B6721F87E5  __libc_start_main     Unknown  Unknown
siesta             000000000041927E  Unknown               Unknown  Unknown
forrtl: error (78): process killed (SIGTERM)
Image              PC                Routine            Line        Source             
libpthread-2.28.s  0000146370548D10  Unknown               Unknown  Unknown
libmpi.so.40.30.4  000014637A0F89AF  ompi_request_defa     Unknown  Unknown
libmpi.so.40.30.4  000014637A15F87F  ompi_coll_base_se     Unknown  Unknown
libmpi.so.40.30.4  000014637A162D28  ompi_coll_base_al     Unknown  Unknown
libmpi.so.40.30.4  000014637A175852  ompi_coll_tuned_a     Unknown  Unknown
libmpi.so.40.30.4  000014637A10D11E  PMPI_Allreduce        Unknown  Unknown
libmpi_mpifh.so.4  000014637A636B39  mpi_allreduce_        Unknown  Unknown
siesta             000000000159AFE9  Unknown               Unknown  Unknown
siesta             0000000000749B8C  Unknown               Unknown  Unknown
siesta             00000000009468BE  Unknown               Unknown  Unknown
siesta             0000000000469E6E  Unknown               Unknown  Unknown
siesta             000000000042D410  Unknown               Unknown  Unknown
siesta             00000000004193FA  Unknown               Unknown  Unknown
siesta             000000000041935D  Unknown               Unknown  Unknown
libc-2.28.so       000014636F2477E5  __libc_start_main     Unknown  Unknown
siesta             000000000041927E  Unknown               Unknown  Unknown
forrtl: error (78): process killed (SIGTERM)
Image              PC                Routine            Line        Source             
libpthread-2.28.s  000014741BC30D10  Unknown               Unknown  Unknown
libuct_ib.so.0.0.  0000147412348F35  Unknown               Unknown  Unknown
libucp.so.0.0.0    00001474167DCC0A  ucp_worker_progre     Unknown  Unknown
libopen-pal.so.40  0000147416AAE1A4  opal_progress         Unknown  Unknown
libmpi.so.40.30.4  00001474257E09AF  ompi_request_defa     Unknown  Unknown
libmpi.so.40.30.4  000014742584787F  ompi_coll_base_se     Unknown  Unknown
libmpi.so.40.30.4  000014742584AD28  ompi_coll_base_al     Unknown  Unknown
libmpi.so.40.30.4  000014742585D852  ompi_coll_tuned_a     Unknown  Unknown
libmpi.so.40.30.4  00001474257F511E  PMPI_Allreduce        Unknown  Unknown
libmpi_mpifh.so.4  0000147425D1EB39  mpi_allreduce_        Unknown  Unknown
siesta             000000000159AFE9  Unknown               Unknown  Unknown
siesta             0000000000749B8C  Unknown               Unknown  Unknown
siesta             00000000009468BE  Unknown               Unknown  Unknown
siesta             0000000000469E6E  Unknown               Unknown  Unknown
siesta             000000000042D410  Unknown               Unknown  Unknown
siesta             00000000004193FA  Unknown               Unknown  Unknown
siesta             000000000041935D  Unknown               Unknown  Unknown
libc-2.28.so       000014741A92F7E5  __libc_start_main     Unknown  Unknown
siesta             000000000041927E  Unknown               Unknown  Unknown
forrtl: error (78): process killed (SIGTERM)
Image              PC                Routine            Line        Source             
libpthread-2.28.s  0000153DE2BDFD10  Unknown               Unknown  Unknown
libopen-pal.so.40  0000153DDDA5D20D  opal_progress         Unknown  Unknown
libmpi.so.40.30.4  0000153DEC78F9AF  ompi_request_defa     Unknown  Unknown
libmpi.so.40.30.4  0000153DEC7F687F  ompi_coll_base_se     Unknown  Unknown
libmpi.so.40.30.4  0000153DEC7F9D28  ompi_coll_base_al     Unknown  Unknown
libmpi.so.40.30.4  0000153DEC80C852  ompi_coll_tuned_a     Unknown  Unknown
libmpi.so.40.30.4  0000153DEC7A411E  PMPI_Allreduce        Unknown  Unknown
libmpi_mpifh.so.4  0000153DECCCDB39  mpi_allreduce_        Unknown  Unknown
siesta             000000000159AFE9  Unknown               Unknown  Unknown
siesta             0000000000749B8C  Unknown               Unknown  Unknown
siesta             00000000009468BE  Unknown               Unknown  Unknown
siesta             0000000000469E6E  Unknown               Unknown  Unknown
siesta             000000000042D410  Unknown               Unknown  Unknown
siesta             00000000004193FA  Unknown               Unknown  Unknown
siesta             000000000041935D  Unknown               Unknown  Unknown
libc-2.28.so       0000153DE18DE7E5  __libc_start_main     Unknown  Unknown
siesta             000000000041927E  Unknown               Unknown  Unknown
forrtl: error (78): process killed (SIGTERM)
Image              PC                Routine            Line        Source             
libpthread-2.28.s  000014A03E716D10  Unknown               Unknown  Unknown
libuct_ib.so.0.0.  000014A034E2EB6B  Unknown               Unknown  Unknown
libucp.so.0.0.0    000014A0392C2C0A  ucp_worker_progre     Unknown  Unknown
libopen-pal.so.40  000014A0395941A4  opal_progress         Unknown  Unknown
libmpi.so.40.30.4  000014A0482C69AF  ompi_request_defa     Unknown  Unknown
libmpi.so.40.30.4  000014A04832D87F  ompi_coll_base_se     Unknown  Unknown
libmpi.so.40.30.4  000014A048330D28  ompi_coll_base_al     Unknown  Unknown
libmpi.so.40.30.4  000014A048343852  ompi_coll_tuned_a     Unknown  Unknown
libmpi.so.40.30.4  000014A0482DB11E  PMPI_Allreduce        Unknown  Unknown
libmpi_mpifh.so.4  000014A048804B39  mpi_allreduce_        Unknown  Unknown
siesta             000000000159AFE9  Unknown               Unknown  Unknown
siesta             0000000000749B8C  Unknown               Unknown  Unknown
siesta             00000000009468BE  Unknown               Unknown  Unknown
siesta             0000000000469E6E  Unknown               Unknown  Unknown
siesta             000000000042D410  Unknown               Unknown  Unknown
siesta             00000000004193FA  Unknown               Unknown  Unknown
siesta             000000000041935D  Unknown               Unknown  Unknown
libc-2.28.so       000014A03D4157E5  __libc_start_main     Unknown  Unknown
siesta             000000000041927E  Unknown               Unknown  Unknown
forrtl: error (78): process killed (SIGTERM)
Image              PC                Routine            Line        Source             
libpthread-2.28.s  0000145B726DAD10  Unknown               Unknown  Unknown
libopen-pal.so.40  0000145B6D5F3475  Unknown               Unknown  Unknown
libopen-pal.so.40  0000145B6D558240  opal_progress         Unknown  Unknown
libmpi.so.40.30.4  0000145B7C28A9AF  ompi_request_defa     Unknown  Unknown
libmpi.so.40.30.4  0000145B7C2F187F  ompi_coll_base_se     Unknown  Unknown
libmpi.so.40.30.4  0000145B7C2F4D28  ompi_coll_base_al     Unknown  Unknown
libmpi.so.40.30.4  0000145B7C307852  ompi_coll_tuned_a     Unknown  Unknown
libmpi.so.40.30.4  0000145B7C29F11E  PMPI_Allreduce        Unknown  Unknown
libmpi_mpifh.so.4  0000145B7C7C8B39  mpi_allreduce_        Unknown  Unknown
siesta             000000000159AFE9  Unknown               Unknown  Unknown
siesta             0000000000749B8C  Unknown               Unknown  Unknown
siesta             00000000009468BE  Unknown               Unknown  Unknown
siesta             0000000000469E6E  Unknown               Unknown  Unknown
siesta             000000000042D410  Unknown               Unknown  Unknown
siesta             00000000004193FA  Unknown               Unknown  Unknown
siesta             000000000041935D  Unknown               Unknown  Unknown
libc-2.28.so       0000145B713D97E5  __libc_start_main     Unknown  Unknown
siesta             000000000041927E  Unknown               Unknown  Unknown
forrtl: error (78): process killed (SIGTERM)
Image              PC                Routine            Line        Source             
libpthread-2.28.s  0000154918385D10  Unknown               Unknown  Unknown
libucp.so.0.0.0    0000154912F31C30  ucp_worker_progre     Unknown  Unknown
libopen-pal.so.40  00001549132031A4  opal_progress         Unknown  Unknown
libmpi.so.40.30.4  0000154921F359AF  ompi_request_defa     Unknown  Unknown
libmpi.so.40.30.4  0000154921F9C87F  ompi_coll_base_se     Unknown  Unknown
libmpi.so.40.30.4  0000154921F9FD28  ompi_coll_base_al     Unknown  Unknown
libmpi.so.40.30.4  0000154921FB2852  ompi_coll_tuned_a     Unknown  Unknown
libmpi.so.40.30.4  0000154921F4A11E  PMPI_Allreduce        Unknown  Unknown
libmpi_mpifh.so.4  0000154922473B39  mpi_allreduce_        Unknown  Unknown
siesta             000000000159AFE9  Unknown               Unknown  Unknown
siesta             0000000000749B8C  Unknown               Unknown  Unknown
siesta             00000000009468BE  Unknown               Unknown  Unknown
siesta             0000000000469E6E  Unknown               Unknown  Unknown
siesta             000000000042D410  Unknown               Unknown  Unknown
siesta             00000000004193FA  Unknown               Unknown  Unknown
siesta             000000000041935D  Unknown               Unknown  Unknown
libc-2.28.so       00001549170847E5  __libc_start_main     Unknown  Unknown
siesta             000000000041927E  Unknown               Unknown  Unknown
forrtl: error (78): process killed (SIGTERM)
Image              PC                Routine            Line        Source             
libpthread-2.28.s  000014C1A5F70D10  Unknown               Unknown  Unknown
libmpi.so.40.30.4  000014C1AFCD7CC0  mca_pml_ucx_progr     Unknown  Unknown
libopen-pal.so.40  000014C1A0DEE1A4  opal_progress         Unknown  Unknown
libmpi.so.40.30.4  000014C1AFB209AF  ompi_request_defa     Unknown  Unknown
libmpi.so.40.30.4  000014C1AFB8787F  ompi_coll_base_se     Unknown  Unknown
libmpi.so.40.30.4  000014C1AFB8AD28  ompi_coll_base_al     Unknown  Unknown
libmpi.so.40.30.4  000014C1AFB9D852  ompi_coll_tuned_a     Unknown  Unknown
libmpi.so.40.30.4  000014C1AFB3511E  PMPI_Allreduce        Unknown  Unknown
libmpi_mpifh.so.4  000014C1B005EB39  mpi_allreduce_        Unknown  Unknown
siesta             000000000159AFE9  Unknown               Unknown  Unknown
siesta             0000000000749B8C  Unknown               Unknown  Unknown
siesta             00000000009468BE  Unknown               Unknown  Unknown
siesta             0000000000469E6E  Unknown               Unknown  Unknown
siesta             000000000042D410  Unknown               Unknown  Unknown
siesta             00000000004193FA  Unknown               Unknown  Unknown
siesta             000000000041935D  Unknown               Unknown  Unknown
libc-2.28.so       000014C1A4C6F7E5  __libc_start_main     Unknown  Unknown
siesta             000000000041927E  Unknown               Unknown  Unknown
forrtl: error (78): process killed (SIGTERM)
Image              PC                Routine            Line        Source             
libpthread-2.28.s  00001459AD91BD10  Unknown               Unknown  Unknown
libucp.so.0.0.0    00001459A84C7BBB  ucp_worker_progre     Unknown  Unknown
libopen-pal.so.40  00001459A87991A4  opal_progress         Unknown  Unknown
libmpi.so.40.30.4  00001459B74CB9AF  ompi_request_defa     Unknown  Unknown
libmpi.so.40.30.4  00001459B753287F  ompi_coll_base_se     Unknown  Unknown
libmpi.so.40.30.4  00001459B7535D28  ompi_coll_base_al     Unknown  Unknown
libmpi.so.40.30.4  00001459B7548852  ompi_coll_tuned_a     Unknown  Unknown
libmpi.so.40.30.4  00001459B74E011E  PMPI_Allreduce        Unknown  Unknown
libmpi_mpifh.so.4  00001459B7A09B39  mpi_allreduce_        Unknown  Unknown
siesta             000000000159AFE9  Unknown               Unknown  Unknown
siesta             0000000000749B8C  Unknown               Unknown  Unknown
siesta             00000000009468BE  Unknown               Unknown  Unknown
siesta             0000000000469E6E  Unknown               Unknown  Unknown
siesta             000000000042D410  Unknown               Unknown  Unknown
siesta             00000000004193FA  Unknown               Unknown  Unknown
siesta             000000000041935D  Unknown               Unknown  Unknown
libc-2.28.so       00001459AC61A7E5  __libc_start_main     Unknown  Unknown
siesta             000000000041927E  Unknown               Unknown  Unknown
forrtl: error (78): process killed (SIGTERM)
Image              PC                Routine            Line        Source             
libpthread-2.28.s  000014DC90A04D10  Unknown               Unknown  Unknown
libopen-pal.so.40  000014DC8B8821AA  opal_progress         Unknown  Unknown
libmpi.so.40.30.4  000014DC9A5B49AF  ompi_request_defa     Unknown  Unknown
libmpi.so.40.30.4  000014DC9A61B87F  ompi_coll_base_se     Unknown  Unknown
libmpi.so.40.30.4  000014DC9A61ED28  ompi_coll_base_al     Unknown  Unknown
libmpi.so.40.30.4  000014DC9A631852  ompi_coll_tuned_a     Unknown  Unknown
libmpi.so.40.30.4  000014DC9A5C911E  PMPI_Allreduce        Unknown  Unknown
libmpi_mpifh.so.4  000014DC9AAF2B39  mpi_allreduce_        Unknown  Unknown
siesta             000000000159AFE9  Unknown               Unknown  Unknown
siesta             0000000000749B8C  Unknown               Unknown  Unknown
siesta             00000000009468BE  Unknown               Unknown  Unknown
siesta             0000000000469E6E  Unknown               Unknown  Unknown
siesta             000000000042D410  Unknown               Unknown  Unknown
siesta             00000000004193FA  Unknown               Unknown  Unknown
siesta             000000000041935D  Unknown               Unknown  Unknown
libc-2.28.so       000014DC8F7037E5  __libc_start_main     Unknown  Unknown
siesta             000000000041927E  Unknown               Unknown  Unknown
forrtl: error (78): process killed (SIGTERM)
Image              PC                Routine            Line        Source             
libpthread-2.28.s  000014F1CA0C3D10  Unknown               Unknown  Unknown
libucp.so.0.0.0    000014F1C4C6FC67  ucp_worker_progre     Unknown  Unknown
libopen-pal.so.40  000014F1C4F411A4  opal_progress         Unknown  Unknown
libmpi.so.40.30.4  000014F1D3C73276  ompi_request_defa     Unknown  Unknown
libmpi.so.40.30.4  000014F1D3CB88DE  PMPI_Waitall          Unknown  Unknown
libmpi_mpifh.so.4  000014F1D41BB80E  pmpi_waitall          Unknown  Unknown
siesta             0000000000BE09C4  Unknown               Unknown  Unknown
siesta             0000000000716349  Unknown               Unknown  Unknown
siesta             00000000007634E5  Unknown               Unknown  Unknown
siesta             0000000000756291  Unknown               Unknown  Unknown
siesta             0000000000469CB7  Unknown               Unknown  Unknown
siesta             000000000042D410  Unknown               Unknown  Unknown
siesta             00000000004193FA  Unknown               Unknown  Unknown
siesta             000000000041935D  Unknown               Unknown  Unknown
libc-2.28.so       000014F1C8DC27E5  __libc_start_main     Unknown  Unknown
siesta             000000000041927E  Unknown               Unknown  Unknown
forrtl: error (78): process killed (SIGTERM)
Image              PC                Routine            Line        Source             
libpthread-2.28.s  000014BAD3BABD10  Unknown               Unknown  Unknown
libuct_ib.so.0.0.  000014BACA2C3B89  Unknown               Unknown  Unknown
libucp.so.0.0.0    000014BACE757C0A  ucp_worker_progre     Unknown  Unknown
libopen-pal.so.40  000014BACEA291A4  opal_progress         Unknown  Unknown
libmpi.so.40.30.4  000014BADD75B276  ompi_request_defa     Unknown  Unknown
libmpi.so.40.30.4  000014BADD7A08DE  PMPI_Waitall          Unknown  Unknown
libmpi_mpifh.so.4  000014BADDCA380E  pmpi_waitall          Unknown  Unknown
siesta             0000000000BE09C4  Unknown               Unknown  Unknown
siesta             0000000000716349  Unknown               Unknown  Unknown
siesta             00000000007634E5  Unknown               Unknown  Unknown
siesta             0000000000756291  Unknown               Unknown  Unknown
siesta             0000000000469CB7  Unknown               Unknown  Unknown
siesta             000000000042D410  Unknown               Unknown  Unknown
siesta             00000000004193FA  Unknown               Unknown  Unknown
siesta             000000000041935D  Unknown               Unknown  Unknown
libc-2.28.so       000014BAD28AA7E5  __libc_start_main     Unknown  Unknown
siesta             000000000041927E  Unknown               Unknown  Unknown
forrtl: error (78): process killed (SIGTERM)
Image              PC                Routine            Line        Source             
libpthread-2.28.s  0000149BE83A7D10  Unknown               Unknown  Unknown
libuct_ib.so.0.0.  0000149BDEABFCDD  Unknown               Unknown  Unknown
libucp.so.0.0.0    0000149BE2F53C0A  ucp_worker_progre     Unknown  Unknown
libopen-pal.so.40  0000149BE32251A4  opal_progress         Unknown  Unknown
libmpi.so.40.30.4  0000149BF1F579AF  ompi_request_defa     Unknown  Unknown
libmpi.so.40.30.4  0000149BF1FBE87F  ompi_coll_base_se     Unknown  Unknown
libmpi.so.40.30.4  0000149BF1FC1D28  ompi_coll_base_al     Unknown  Unknown
libmpi.so.40.30.4  0000149BF1FD4852  ompi_coll_tuned_a     Unknown  Unknown
libmpi.so.40.30.4  0000149BF1F6C11E  PMPI_Allreduce        Unknown  Unknown
libmpi_mpifh.so.4  0000149BF2495B39  mpi_allreduce_        Unknown  Unknown
siesta             000000000159AFE9  Unknown               Unknown  Unknown
siesta             0000000000749B8C  Unknown               Unknown  Unknown
siesta             00000000009468BE  Unknown               Unknown  Unknown
siesta             0000000000469E6E  Unknown               Unknown  Unknown
siesta             000000000042D410  Unknown               Unknown  Unknown
siesta             00000000004193FA  Unknown               Unknown  Unknown
siesta             000000000041935D  Unknown               Unknown  Unknown
libc-2.28.so       0000149BE70A67E5  __libc_start_main     Unknown  Unknown
siesta             000000000041927E  Unknown               Unknown  Unknown
forrtl: error (78): process killed (SIGTERM)
Image              PC                Routine            Line        Source             
libpthread-2.28.s  00001536660A8D10  Unknown               Unknown  Unknown
libuct_ib.so.0.0.  000015365C7C0B6B  Unknown               Unknown  Unknown
libucp.so.0.0.0    0000153660C54C0A  ucp_worker_progre     Unknown  Unknown
libopen-pal.so.40  0000153660F261A4  opal_progress         Unknown  Unknown
libmpi.so.40.30.4  000015366FC589AF  ompi_request_defa     Unknown  Unknown
libmpi.so.40.30.4  000015366FCBF87F  ompi_coll_base_se     Unknown  Unknown
libmpi.so.40.30.4  000015366FCC2D28  ompi_coll_base_al     Unknown  Unknown
libmpi.so.40.30.4  000015366FCD5852  ompi_coll_tuned_a     Unknown  Unknown
libmpi.so.40.30.4  000015366FC6D11E  PMPI_Allreduce        Unknown  Unknown
libmpi_mpifh.so.4  0000153670196B39  mpi_allreduce_        Unknown  Unknown
siesta             000000000159AFE9  Unknown               Unknown  Unknown
siesta             0000000000749B8C  Unknown               Unknown  Unknown
siesta             00000000009468BE  Unknown               Unknown  Unknown
siesta             0000000000469E6E  Unknown               Unknown  Unknown
siesta             000000000042D410  Unknown               Unknown  Unknown
siesta             00000000004193FA  Unknown               Unknown  Unknown
siesta             000000000041935D  Unknown               Unknown  Unknown
libc-2.28.so       0000153664DA77E5  __libc_start_main     Unknown  Unknown
siesta             000000000041927E  Unknown               Unknown  Unknown
forrtl: error (78): process killed (SIGTERM)
Image              PC                Routine            Line        Source             
libpthread-2.28.s  000014C32248ED10  Unknown               Unknown  Unknown
libopen-pal.so.40  000014C31D30C349  opal_progress         Unknown  Unknown
libmpi.so.40.30.4  000014C32C03E9AF  ompi_request_defa     Unknown  Unknown
libmpi.so.40.30.4  000014C32C0A587F  ompi_coll_base_se     Unknown  Unknown
libmpi.so.40.30.4  000014C32C0A8D28  ompi_coll_base_al     Unknown  Unknown
libmpi.so.40.30.4  000014C32C0BB852  ompi_coll_tuned_a     Unknown  Unknown
libmpi.so.40.30.4  000014C32C05311E  PMPI_Allreduce        Unknown  Unknown
libmpi_mpifh.so.4  000014C32C57CB39  mpi_allreduce_        Unknown  Unknown
siesta             000000000159AFE9  Unknown               Unknown  Unknown
siesta             0000000000749B8C  Unknown               Unknown  Unknown
siesta             00000000009468BE  Unknown               Unknown  Unknown
siesta             0000000000469E6E  Unknown               Unknown  Unknown
siesta             000000000042D410  Unknown               Unknown  Unknown
siesta             00000000004193FA  Unknown               Unknown  Unknown
siesta             000000000041935D  Unknown               Unknown  Unknown
libc-2.28.so       000014C32118D7E5  __libc_start_main     Unknown  Unknown
siesta             000000000041927E  Unknown               Unknown  Unknown
--------------------------------------------------------------------------
mpirun detected that one or more processes exited with non-zero status, thus causing
the job to be terminated. The first process to do so was:

  Process name: [[6836,1],0]
  Exit code:    39
--------------------------------------------------------------------------
