Changed directory to /n/holylabs/LABS/kaxiras_lab/axzhu/projects/AM207-final-project/N_9/PSO_z.

JobID: 60355260
======
Time: Sun Dec  1 14:05:00 EST 2024
Running on master node: holy7c02505.rc.fas.harvard.edu
Current directory: /n/holylabs/LABS/kaxiras_lab/axzhu/projects/AM207-final-project/N_9/PSO_z

numtasks=64, numnodes=36 (OMP_NUM_THREADS=1)

Executing command:
==================
mpirun -np 64 /n/kaxiras_lab/software/siesta/siesta/build-w90/Src/siesta  < bilayer.fdf > OUT

DFT-D3: loading default parameters for functional PBE.
System symmetry is of type slab but no DFTD3.Periodic list was found. Attempting to guess symmetry for D3.
Could not guess the right amount of periodicity directions for D3.
Enabling periodicity on all directions.
System symmetry is of type slab but no DFTD3.Periodic list was found. Attempting to guess symmetry for D3.
Could not guess the right amount of periodicity directions for D3.
Enabling periodicity on all directions.
System symmetry is of type slab but no DFTD3.Periodic list was found. Attempting to guess symmetry for D3.
Could not guess the right amount of periodicity directions for D3.
Enabling periodicity on all directions.
System symmetry is of type slab but no DFTD3.Periodic list was found. Attempting to guess symmetry for D3.
Could not guess the right amount of periodicity directions for D3.
Enabling periodicity on all directions.
System symmetry is of type slab but no DFTD3.Periodic list was found. Attempting to guess symmetry for D3.
Could not guess the right amount of periodicity directions for D3.
Enabling periodicity on all directions.
System symmetry is of type slab but no DFTD3.Periodic list was found. Attempting to guess symmetry for D3.
Could not guess the right amount of periodicity directions for D3.
Enabling periodicity on all directions.
System symmetry is of type slab but no DFTD3.Periodic list was found. Attempting to guess symmetry for D3.
Could not guess the right amount of periodicity directions for D3.
Enabling periodicity on all directions.
System symmetry is of type slab but no DFTD3.Periodic list was found. Attempting to guess symmetry for D3.
Could not guess the right amount of periodicity directions for D3.
Enabling periodicity on all directions.
System symmetry is of type slab but no DFTD3.Periodic list was found. Attempting to guess symmetry for D3.
Could not guess the right amount of periodicity directions for D3.
Enabling periodicity on all directions.
System symmetry is of type slab but no DFTD3.Periodic list was found. Attempting to guess symmetry for D3.
Could not guess the right amount of periodicity directions for D3.
Enabling periodicity on all directions.
System symmetry is of type slab but no DFTD3.Periodic list was found. Attempting to guess symmetry for D3.
Could not guess the right amount of periodicity directions for D3.
Enabling periodicity on all directions.
System symmetry is of type slab but no DFTD3.Periodic list was found. Attempting to guess symmetry for D3.
Could not guess the right amount of periodicity directions for D3.
Enabling periodicity on all directions.
System symmetry is of type slab but no DFTD3.Periodic list was found. Attempting to guess symmetry for D3.
Could not guess the right amount of periodicity directions for D3.
Enabling periodicity on all directions.
System symmetry is of type slab but no DFTD3.Periodic list was found. Attempting to guess symmetry for D3.
Could not guess the right amount of periodicity directions for D3.
Enabling periodicity on all directions.
System symmetry is of type slab but no DFTD3.Periodic list was found. Attempting to guess symmetry for D3.
Could not guess the right amount of periodicity directions for D3.
Enabling periodicity on all directions.
System symmetry is of type slab but no DFTD3.Periodic list was found. Attempting to guess symmetry for D3.
Could not guess the right amount of periodicity directions for D3.
Enabling periodicity on all directions.
System symmetry is of type slab but no DFTD3.Periodic list was found. Attempting to guess symmetry for D3.
Could not guess the right amount of periodicity directions for D3.
Enabling periodicity on all directions.
System symmetry is of type slab but no DFTD3.Periodic list was found. Attempting to guess symmetry for D3.
Could not guess the right amount of periodicity directions for D3.
Enabling periodicity on all directions.
System symmetry is of type slab but no DFTD3.Periodic list was found. Attempting to guess symmetry for D3.
Could not guess the right amount of periodicity directions for D3.
Enabling periodicity on all directions.
System symmetry is of type slab but no DFTD3.Periodic list was found. Attempting to guess symmetry for D3.
Could not guess the right amount of periodicity directions for D3.
Enabling periodicity on all directions.
System symmetry is of type slab but no DFTD3.Periodic list was found. Attempting to guess symmetry for D3.
Could not guess the right amount of periodicity directions for D3.
Enabling periodicity on all directions.
System symmetry is of type slab but no DFTD3.Periodic list was found. Attempting to guess symmetry for D3.
Could not guess the right amount of periodicity directions for D3.
Enabling periodicity on all directions.
System symmetry is of type slab but no DFTD3.Periodic list was found. Attempting to guess symmetry for D3.
Could not guess the right amount of periodicity directions for D3.
Enabling periodicity on all directions.
System symmetry is of type slab but no DFTD3.Periodic list was found. Attempting to guess symmetry for D3.
Could not guess the right amount of periodicity directions for D3.
Enabling periodicity on all directions.
System symmetry is of type slab but no DFTD3.Periodic list was found. Attempting to guess symmetry for D3.
Could not guess the right amount of periodicity directions for D3.
Enabling periodicity on all directions.
System symmetry is of type slab but no DFTD3.Periodic list was found. Attempting to guess symmetry for D3.
Could not guess the right amount of periodicity directions for D3.
Enabling periodicity on all directions.
System symmetry is of type slab but no DFTD3.Periodic list was found. Attempting to guess symmetry for D3.
Could not guess the right amount of periodicity directions for D3.
Enabling periodicity on all directions.
System symmetry is of type slab but no DFTD3.Periodic list was found. Attempting to guess symmetry for D3.
Could not guess the right amount of periodicity directions for D3.
Enabling periodicity on all directions.
System symmetry is of type slab but no DFTD3.Periodic list was found. Attempting to guess symmetry for D3.
Could not guess the right amount of periodicity directions for D3.
Enabling periodicity on all directions.
System symmetry is of type slab but no DFTD3.Periodic list was found. Attempting to guess symmetry for D3.
Could not guess the right amount of periodicity directions for D3.
Enabling periodicity on all directions.
System symmetry is of type slab but no DFTD3.Periodic list was found. Attempting to guess symmetry for D3.
Could not guess the right amount of periodicity directions for D3.
Enabling periodicity on all directions.
System symmetry is of type slab but no DFTD3.Periodic list was found. Attempting to guess symmetry for D3.
Could not guess the right amount of periodicity directions for D3.
Enabling periodicity on all directions.
System symmetry is of type slab but no DFTD3.Periodic list was found. Attempting to guess symmetry for D3.
Could not guess the right amount of periodicity directions for D3.
Enabling periodicity on all directions.
System symmetry is of type slab but no DFTD3.Periodic list was found. Attempting to guess symmetry for D3.
Could not guess the right amount of periodicity directions for D3.
Enabling periodicity on all directions.
System symmetry is of type slab but no DFTD3.Periodic list was found. Attempting to guess symmetry for D3.
Could not guess the right amount of periodicity directions for D3.
Enabling periodicity on all directions.
System symmetry is of type slab but no DFTD3.Periodic list was found. Attempting to guess symmetry for D3.
Could not guess the right amount of periodicity directions for D3.
Enabling periodicity on all directions.
System symmetry is of type slab but no DFTD3.Periodic list was found. Attempting to guess symmetry for D3.
Could not guess the right amount of periodicity directions for D3.
Enabling periodicity on all directions.
System symmetry is of type slab but no DFTD3.Periodic list was found. Attempting to guess symmetry for D3.
Could not guess the right amount of periodicity directions for D3.
Enabling periodicity on all directions.
System symmetry is of type slab but no DFTD3.Periodic list was found. Attempting to guess symmetry for D3.
Could not guess the right amount of periodicity directions for D3.
Enabling periodicity on all directions.
System symmetry is of type slab but no DFTD3.Periodic list was found. Attempting to guess symmetry for D3.
Could not guess the right amount of periodicity directions for D3.
Enabling periodicity on all directions.
System symmetry is of type slab but no DFTD3.Periodic list was found. Attempting to guess symmetry for D3.
Could not guess the right amount of periodicity directions for D3.
Enabling periodicity on all directions.
System symmetry is of type slab but no DFTD3.Periodic list was found. Attempting to guess symmetry for D3.
Could not guess the right amount of periodicity directions for D3.
Enabling periodicity on all directions.
System symmetry is of type slab but no DFTD3.Periodic list was found. Attempting to guess symmetry for D3.
Could not guess the right amount of periodicity directions for D3.
Enabling periodicity on all directions.
System symmetry is of type slab but no DFTD3.Periodic list was found. Attempting to guess symmetry for D3.
Could not guess the right amount of periodicity directions for D3.
Enabling periodicity on all directions.
System symmetry is of type slab but no DFTD3.Periodic list was found. Attempting to guess symmetry for D3.
Could not guess the right amount of periodicity directions for D3.
Enabling periodicity on all directions.
System symmetry is of type slab but no DFTD3.Periodic list was found. Attempting to guess symmetry for D3.
Could not guess the right amount of periodicity directions for D3.
Enabling periodicity on all directions.
System symmetry is of type slab but no DFTD3.Periodic list was found. Attempting to guess symmetry for D3.
Could not guess the right amount of periodicity directions for D3.
Enabling periodicity on all directions.
System symmetry is of type slab but no DFTD3.Periodic list was found. Attempting to guess symmetry for D3.
Could not guess the right amount of periodicity directions for D3.
Enabling periodicity on all directions.
System symmetry is of type slab but no DFTD3.Periodic list was found. Attempting to guess symmetry for D3.
Could not guess the right amount of periodicity directions for D3.
Enabling periodicity on all directions.
System symmetry is of type slab but no DFTD3.Periodic list was found. Attempting to guess symmetry for D3.
Could not guess the right amount of periodicity directions for D3.
Enabling periodicity on all directions.
System symmetry is of type slab but no DFTD3.Periodic list was found. Attempting to guess symmetry for D3.
Could not guess the right amount of periodicity directions for D3.
Enabling periodicity on all directions.
System symmetry is of type slab but no DFTD3.Periodic list was found. Attempting to guess symmetry for D3.
Could not guess the right amount of periodicity directions for D3.
Enabling periodicity on all directions.
System symmetry is of type slab but no DFTD3.Periodic list was found. Attempting to guess symmetry for D3.
Could not guess the right amount of periodicity directions for D3.
Enabling periodicity on all directions.
System symmetry is of type slab but no DFTD3.Periodic list was found. Attempting to guess symmetry for D3.
Could not guess the right amount of periodicity directions for D3.
Enabling periodicity on all directions.
System symmetry is of type slab but no DFTD3.Periodic list was found. Attempting to guess symmetry for D3.
Could not guess the right amount of periodicity directions for D3.
Enabling periodicity on all directions.
System symmetry is of type slab but no DFTD3.Periodic list was found. Attempting to guess symmetry for D3.
Could not guess the right amount of periodicity directions for D3.
Enabling periodicity on all directions.
System symmetry is of type slab but no DFTD3.Periodic list was found. Attempting to guess symmetry for D3.
Could not guess the right amount of periodicity directions for D3.
Enabling periodicity on all directions.
System symmetry is of type slab but no DFTD3.Periodic list was found. Attempting to guess symmetry for D3.
Could not guess the right amount of periodicity directions for D3.
Enabling periodicity on all directions.
System symmetry is of type slab but no DFTD3.Periodic list was found. Attempting to guess symmetry for D3.
Could not guess the right amount of periodicity directions for D3.
Enabling periodicity on all directions.
System symmetry is of type slab but no DFTD3.Periodic list was found. Attempting to guess symmetry for D3.
Could not guess the right amount of periodicity directions for D3.
Enabling periodicity on all directions.
System symmetry is of type slab but no DFTD3.Periodic list was found. Attempting to guess symmetry for D3.
Could not guess the right amount of periodicity directions for D3.
Enabling periodicity on all directions.
System symmetry is of type slab but no DFTD3.Periodic list was found. Attempting to guess symmetry for D3.
Could not guess the right amount of periodicity directions for D3.
Enabling periodicity on all directions.
System symmetry is of type slab but no DFTD3.Periodic list was found. Attempting to guess symmetry for D3.
Periodicity direction guess succeeded.
System symmetry is of type slab but no DFTD3.Periodic list was found. Attempting to guess symmetry for D3.
Could not guess the right amount of periodicity directions for D3.
Enabling periodicity on all directions.
System symmetry is of type slab but no DFTD3.Periodic list was found. Attempting to guess symmetry for D3.
Could not guess the right amount of periodicity directions for D3.
Enabling periodicity on all directions.
System symmetry is of type slab but no DFTD3.Periodic list was found. Attempting to guess symmetry for D3.
Could not guess the right amount of periodicity directions for D3.
Enabling periodicity on all directions.
System symmetry is of type slab but no DFTD3.Periodic list was found. Attempting to guess symmetry for D3.
Could not guess the right amount of periodicity directions for D3.
Enabling periodicity on all directions.
System symmetry is of type slab but no DFTD3.Periodic list was found. Attempting to guess symmetry for D3.
Could not guess the right amount of periodicity directions for D3.
Enabling periodicity on all directions.
System symmetry is of type slab but no DFTD3.Periodic list was found. Attempting to guess symmetry for D3.
Could not guess the right amount of periodicity directions for D3.
Enabling periodicity on all directions.
System symmetry is of type slab but no DFTD3.Periodic list was found. Attempting to guess symmetry for D3.
Could not guess the right amount of periodicity directions for D3.
Enabling periodicity on all directions.
System symmetry is of type slab but no DFTD3.Periodic list was found. Attempting to guess symmetry for D3.
Could not guess the right amount of periodicity directions for D3.
Enabling periodicity on all directions.
System symmetry is of type slab but no DFTD3.Periodic list was found. Attempting to guess symmetry for D3.
Could not guess the right amount of periodicity directions for D3.
Enabling periodicity on all directions.
System symmetry is of type slab but no DFTD3.Periodic list was found. Attempting to guess symmetry for D3.
Could not guess the right amount of periodicity directions for D3.
Enabling periodicity on all directions.
System symmetry is of type slab but no DFTD3.Periodic list was found. Attempting to guess symmetry for D3.
Could not guess the right amount of periodicity directions for D3.
Enabling periodicity on all directions.
System symmetry is of type slab but no DFTD3.Periodic list was found. Attempting to guess symmetry for D3.
Could not guess the right amount of periodicity directions for D3.
Enabling periodicity on all directions.
System symmetry is of type slab but no DFTD3.Periodic list was found. Attempting to guess symmetry for D3.
Could not guess the right amount of periodicity directions for D3.
Enabling periodicity on all directions.
System symmetry is of type slab but no DFTD3.Periodic list was found. Attempting to guess symmetry for D3.
Could not guess the right amount of periodicity directions for D3.
Enabling periodicity on all directions.
System symmetry is of type slab but no DFTD3.Periodic list was found. Attempting to guess symmetry for D3.
Could not guess the right amount of periodicity directions for D3.
Enabling periodicity on all directions.
System symmetry is of type slab but no DFTD3.Periodic list was found. Attempting to guess symmetry for D3.
Could not guess the right amount of periodicity directions for D3.
Enabling periodicity on all directions.
System symmetry is of type slab but no DFTD3.Periodic list was found. Attempting to guess symmetry for D3.
Could not guess the right amount of periodicity directions for D3.
Enabling periodicity on all directions.
System symmetry is of type slab but no DFTD3.Periodic list was found. Attempting to guess symmetry for D3.
Could not guess the right amount of periodicity directions for D3.
Enabling periodicity on all directions.
System symmetry is of type slab but no DFTD3.Periodic list was found. Attempting to guess symmetry for D3.
Could not guess the right amount of periodicity directions for D3.
Enabling periodicity on all directions.
System symmetry is of type slab but no DFTD3.Periodic list was found. Attempting to guess symmetry for D3.
Could not guess the right amount of periodicity directions for D3.
Enabling periodicity on all directions.
System symmetry is of type slab but no DFTD3.Periodic list was found. Attempting to guess symmetry for D3.
Could not guess the right amount of periodicity directions for D3.
Enabling periodicity on all directions.
System symmetry is of type slab but no DFTD3.Periodic list was found. Attempting to guess symmetry for D3.
Could not guess the right amount of periodicity directions for D3.
Enabling periodicity on all directions.
Job completed
